{"/Users/clairecastanet/personal-projects/raglan-generator-be/api/app.js": {"path":"/Users/clairecastanet/personal-projects/raglan-generator-be/api/app.js","statementMap":{"0":{"start":{"line":1,"column":16},"end":{"line":1,"column":34}},"1":{"start":{"line":2,"column":19},"end":{"line":2,"column":41}},"2":{"start":{"line":3,"column":21},"end":{"line":3,"column":45}},"3":{"start":{"line":4,"column":13},"end":{"line":4,"column":28}},"4":{"start":{"line":8,"column":4},"end":{"line":8,"column":47}},"5":{"start":{"line":11,"column":12},"end":{"line":11,"column":21}},"6":{"start":{"line":13,"column":18},"end":{"line":13,"column":51}},"7":{"start":{"line":15,"column":0},"end":{"line":15,"column":16}},"8":{"start":{"line":16,"column":0},"end":{"line":16,"column":27}},"9":{"start":{"line":17,"column":0},"end":{"line":17,"column":24}},"10":{"start":{"line":19,"column":0},"end":{"line":19,"column":27}},"11":{"start":{"line":20,"column":0},"end":{"line":20,"column":33}},"12":{"start":{"line":22,"column":0},"end":{"line":22,"column":28}},"13":{"start":{"line":24,"column":0},"end":{"line":24,"column":21}}},"fnMap":{},"branchMap":{},"s":{"0":4,"1":4,"2":4,"3":4,"4":4,"5":4,"6":4,"7":4,"8":4,"9":4,"10":4,"11":4,"12":4,"13":4},"f":{},"b":{},"_coverageSchema":"1a1c01bbd47fc00a2c39e90264f33305004495a9","hash":"1c7d3678947290214bf1a1a55bc7a8eb5ad1bd46"}
,"/Users/clairecastanet/personal-projects/raglan-generator-be/api/mongodb_helper.js": {"path":"/Users/clairecastanet/personal-projects/raglan-generator-be/api/mongodb_helper.js","statementMap":{"0":{"start":{"line":1,"column":17},"end":{"line":1,"column":36}},"1":{"start":{"line":2,"column":30},"end":{"line":2,"column":59}},"2":{"start":{"line":4,"column":0},"end":{"line":6,"column":3}},"3":{"start":{"line":5,"column":2},"end":{"line":5,"column":28}},"4":{"start":{"line":8,"column":0},"end":{"line":10,"column":3}},"5":{"start":{"line":9,"column":2},"end":{"line":9,"column":40}}},"fnMap":{"0":{"name":"(anonymous_0)","decl":{"start":{"line":4,"column":10},"end":{"line":4,"column":11}},"loc":{"start":{"line":4,"column":22},"end":{"line":6,"column":1}},"line":4},"1":{"name":"(anonymous_1)","decl":{"start":{"line":8,"column":9},"end":{"line":8,"column":10}},"loc":{"start":{"line":8,"column":21},"end":{"line":10,"column":1}},"line":8}},"branchMap":{},"s":{"0":4,"1":4,"2":4,"3":4,"4":4,"5":4},"f":{"0":4,"1":4},"b":{},"_coverageSchema":"1a1c01bbd47fc00a2c39e90264f33305004495a9","hash":"f338360b9f607d230ba36d8ba90e0ce5b1c2959d"}
,"/Users/clairecastanet/personal-projects/raglan-generator-be/api/controllers/authentication.js": {"path":"/Users/clairecastanet/personal-projects/raglan-generator-be/api/controllers/authentication.js","statementMap":{"0":{"start":{"line":1,"column":13},"end":{"line":1,"column":39}},"1":{"start":{"line":2,"column":24},"end":{"line":2,"column":63}},"2":{"start":{"line":3,"column":29},"end":{"line":3,"column":65}},"3":{"start":{"line":4,"column":26},"end":{"line":4,"column":61}},"4":{"start":{"line":6,"column":19},"end":{"line":47,"column":1}},"5":{"start":{"line":7,"column":4},"end":{"line":46,"column":5}},"6":{"start":{"line":8,"column":36},"end":{"line":8,"column":44}},"7":{"start":{"line":10,"column":8},"end":{"line":12,"column":9}},"8":{"start":{"line":11,"column":10},"end":{"line":11,"column":67}},"9":{"start":{"line":14,"column":21},"end":{"line":14,"column":50}},"10":{"start":{"line":16,"column":8},"end":{"line":18,"column":9}},"11":{"start":{"line":17,"column":12},"end":{"line":17,"column":69}},"12":{"start":{"line":20,"column":8},"end":{"line":22,"column":9}},"13":{"start":{"line":21,"column":14},"end":{"line":21,"column":71}},"14":{"start":{"line":24,"column":22},"end":{"line":24,"column":45}},"15":{"start":{"line":26,"column":8},"end":{"line":30,"column":11}},"16":{"start":{"line":32,"column":29},"end":{"line":41,"column":9}},"17":{"start":{"line":43,"column":8},"end":{"line":43,"column":87}},"18":{"start":{"line":45,"column":8},"end":{"line":45,"column":20}},"19":{"start":{"line":49,"column":0},"end":{"line":49,"column":32}}},"fnMap":{"0":{"name":"(anonymous_0)","decl":{"start":{"line":6,"column":19},"end":{"line":6,"column":20}},"loc":{"start":{"line":6,"column":45},"end":{"line":47,"column":1}},"line":6}},"branchMap":{"0":{"loc":{"start":{"line":10,"column":8},"end":{"line":12,"column":9}},"type":"if","locations":[{"start":{"line":10,"column":8},"end":{"line":12,"column":9}},{"start":{},"end":{}}],"line":10},"1":{"loc":{"start":{"line":10,"column":12},"end":{"line":10,"column":31}},"type":"binary-expr","locations":[{"start":{"line":10,"column":12},"end":{"line":10,"column":18}},{"start":{"line":10,"column":22},"end":{"line":10,"column":31}}],"line":10},"2":{"loc":{"start":{"line":16,"column":8},"end":{"line":18,"column":9}},"type":"if","locations":[{"start":{"line":16,"column":8},"end":{"line":18,"column":9}},{"start":{},"end":{}}],"line":16},"3":{"loc":{"start":{"line":20,"column":8},"end":{"line":22,"column":9}},"type":"if","locations":[{"start":{"line":20,"column":8},"end":{"line":22,"column":9}},{"start":{},"end":{}}],"line":20},"4":{"loc":{"start":{"line":35,"column":30},"end":{"line":35,"column":66}},"type":"binary-expr","locations":[{"start":{"line":35,"column":30},"end":{"line":35,"column":53}},{"start":{"line":35,"column":57},"end":{"line":35,"column":66}}],"line":35},"5":{"loc":{"start":{"line":36,"column":21},"end":{"line":36,"column":48}},"type":"binary-expr","locations":[{"start":{"line":36,"column":21},"end":{"line":36,"column":35}},{"start":{"line":36,"column":39},"end":{"line":36,"column":48}}],"line":36},"6":{"loc":{"start":{"line":37,"column":28},"end":{"line":37,"column":62}},"type":"binary-expr","locations":[{"start":{"line":37,"column":28},"end":{"line":37,"column":49}},{"start":{"line":37,"column":53},"end":{"line":37,"column":62}}],"line":37},"7":{"loc":{"start":{"line":38,"column":22},"end":{"line":38,"column":50}},"type":"binary-expr","locations":[{"start":{"line":38,"column":22},"end":{"line":38,"column":37}},{"start":{"line":38,"column":41},"end":{"line":38,"column":50}}],"line":38},"8":{"loc":{"start":{"line":39,"column":25},"end":{"line":39,"column":56}},"type":"binary-expr","locations":[{"start":{"line":39,"column":25},"end":{"line":39,"column":43}},{"start":{"line":39,"column":47},"end":{"line":39,"column":56}}],"line":39},"9":{"loc":{"start":{"line":40,"column":25},"end":{"line":40,"column":56}},"type":"binary-expr","locations":[{"start":{"line":40,"column":25},"end":{"line":40,"column":43}},{"start":{"line":40,"column":47},"end":{"line":40,"column":56}}],"line":40}},"s":{"0":4,"1":4,"2":4,"3":4,"4":4,"5":5,"6":5,"7":5,"8":2,"9":3,"10":3,"11":1,"12":2,"13":1,"14":1,"15":1,"16":1,"17":1,"18":4,"19":4},"f":{"0":5},"b":{"0":[2,3],"1":[5,4],"2":[1,2],"3":[1,1],"4":[1,1],"5":[1,1],"6":[1,1],"7":[1,1],"8":[1,1],"9":[1,1]},"_coverageSchema":"1a1c01bbd47fc00a2c39e90264f33305004495a9","hash":"81d4bec5a1048f74be437e5e93e645f17c8443ae"}
,"/Users/clairecastanet/personal-projects/raglan-generator-be/api/controllers/patterns.js": {"path":"/Users/clairecastanet/personal-projects/raglan-generator-be/api/controllers/patterns.js","statementMap":{"0":{"start":{"line":1,"column":24},"end":{"line":1,"column":63}},"1":{"start":{"line":2,"column":13},"end":{"line":2,"column":39}},"2":{"start":{"line":3,"column":16},"end":{"line":3,"column":45}},"3":{"start":{"line":4,"column":32},"end":{"line":4,"column":67}},"4":{"start":{"line":5,"column":26},"end":{"line":5,"column":61}},"5":{"start":{"line":7,"column":20},"end":{"line":84,"column":1}},"6":{"start":{"line":8,"column":14},"end":{"line":8,"column":24}},"7":{"start":{"line":24,"column":6},"end":{"line":24,"column":14}},"8":{"start":{"line":26,"column":2},"end":{"line":83,"column":3}},"9":{"start":{"line":28,"column":4},"end":{"line":30,"column":5}},"10":{"start":{"line":29,"column":6},"end":{"line":29,"column":72}},"11":{"start":{"line":32,"column":4},"end":{"line":34,"column":5}},"12":{"start":{"line":33,"column":6},"end":{"line":33,"column":72}},"13":{"start":{"line":36,"column":4},"end":{"line":38,"column":5}},"14":{"start":{"line":37,"column":6},"end":{"line":37,"column":74}},"15":{"start":{"line":40,"column":4},"end":{"line":45,"column":5}},"16":{"start":{"line":41,"column":6},"end":{"line":44,"column":8}},"17":{"start":{"line":47,"column":17},"end":{"line":47,"column":41}},"18":{"start":{"line":49,"column":4},"end":{"line":51,"column":5}},"19":{"start":{"line":50,"column":6},"end":{"line":50,"column":51}},"20":{"start":{"line":53,"column":20},"end":{"line":66,"column":6}},"21":{"start":{"line":68,"column":4},"end":{"line":68,"column":25}},"22":{"start":{"line":70,"column":18},"end":{"line":70,"column":36}},"23":{"start":{"line":72,"column":4},"end":{"line":76,"column":7}},"24":{"start":{"line":78,"column":4},"end":{"line":80,"column":77}},"25":{"start":{"line":82,"column":4},"end":{"line":82,"column":16}},"26":{"start":{"line":86,"column":23},"end":{"line":109,"column":1}},"27":{"start":{"line":87,"column":14},"end":{"line":87,"column":24}},"28":{"start":{"line":88,"column":25},"end":{"line":88,"column":35}},"29":{"start":{"line":90,"column":2},"end":{"line":108,"column":3}},"30":{"start":{"line":91,"column":20},"end":{"line":91,"column":54}},"31":{"start":{"line":93,"column":4},"end":{"line":95,"column":5}},"32":{"start":{"line":94,"column":6},"end":{"line":94,"column":59}},"33":{"start":{"line":97,"column":18},"end":{"line":97,"column":36}},"34":{"start":{"line":99,"column":4},"end":{"line":103,"column":7}},"35":{"start":{"line":105,"column":4},"end":{"line":105,"column":79}},"36":{"start":{"line":107,"column":4},"end":{"line":107,"column":16}},"37":{"start":{"line":111,"column":0},"end":{"line":111,"column":49}}},"fnMap":{"0":{"name":"(anonymous_0)","decl":{"start":{"line":7,"column":20},"end":{"line":7,"column":21}},"loc":{"start":{"line":7,"column":46},"end":{"line":84,"column":1}},"line":7},"1":{"name":"(anonymous_1)","decl":{"start":{"line":86,"column":23},"end":{"line":86,"column":24}},"loc":{"start":{"line":86,"column":49},"end":{"line":109,"column":1}},"line":86}},"branchMap":{"0":{"loc":{"start":{"line":28,"column":4},"end":{"line":30,"column":5}},"type":"if","locations":[{"start":{"line":28,"column":4},"end":{"line":30,"column":5}},{"start":{},"end":{}}],"line":28},"1":{"loc":{"start":{"line":32,"column":4},"end":{"line":34,"column":5}},"type":"if","locations":[{"start":{"line":32,"column":4},"end":{"line":34,"column":5}},{"start":{},"end":{}}],"line":32},"2":{"loc":{"start":{"line":36,"column":4},"end":{"line":38,"column":5}},"type":"if","locations":[{"start":{"line":36,"column":4},"end":{"line":38,"column":5}},{"start":{},"end":{}}],"line":36},"3":{"loc":{"start":{"line":40,"column":4},"end":{"line":45,"column":5}},"type":"if","locations":[{"start":{"line":40,"column":4},"end":{"line":45,"column":5}},{"start":{},"end":{}}],"line":40},"4":{"loc":{"start":{"line":49,"column":4},"end":{"line":51,"column":5}},"type":"if","locations":[{"start":{"line":49,"column":4},"end":{"line":51,"column":5}},{"start":{},"end":{}}],"line":49},"5":{"loc":{"start":{"line":93,"column":4},"end":{"line":95,"column":5}},"type":"if","locations":[{"start":{"line":93,"column":4},"end":{"line":95,"column":5}},{"start":{},"end":{}}],"line":93}},"s":{"0":4,"1":4,"2":4,"3":4,"4":4,"5":4,"6":12,"7":12,"8":12,"9":12,"10":1,"11":11,"12":1,"13":10,"14":1,"15":9,"16":7,"17":2,"18":2,"19":1,"20":1,"21":1,"22":1,"23":1,"24":1,"25":11,"26":4,"27":3,"28":3,"29":3,"30":3,"31":2,"32":1,"33":1,"34":1,"35":1,"36":2,"37":4},"f":{"0":12,"1":3},"b":{"0":[1,11],"1":[1,10],"2":[1,9],"3":[7,2],"4":[1,1],"5":[1,1]},"_coverageSchema":"1a1c01bbd47fc00a2c39e90264f33305004495a9","hash":"d572001eb4e978d2b5992afae688488b13882d87"}
,"/Users/clairecastanet/personal-projects/raglan-generator-be/api/controllers/users.js": {"path":"/Users/clairecastanet/personal-projects/raglan-generator-be/api/controllers/users.js","statementMap":{"0":{"start":{"line":1,"column":13},"end":{"line":1,"column":39}},"1":{"start":{"line":2,"column":26},"end":{"line":2,"column":61}},"2":{"start":{"line":3,"column":25},"end":{"line":3,"column":61}},"3":{"start":{"line":4,"column":72},"end":{"line":4,"column":107}},"4":{"start":{"line":5,"column":24},"end":{"line":5,"column":63}},"5":{"start":{"line":7,"column":0},"end":{"line":38,"column":1}},"6":{"start":{"line":8,"column":4},"end":{"line":37,"column":5}},"7":{"start":{"line":9,"column":23},"end":{"line":9,"column":33}},"8":{"start":{"line":11,"column":8},"end":{"line":13,"column":9}},"9":{"start":{"line":12,"column":12},"end":{"line":12,"column":66}},"10":{"start":{"line":15,"column":21},"end":{"line":15,"column":56}},"11":{"start":{"line":17,"column":8},"end":{"line":19,"column":9}},"12":{"start":{"line":18,"column":10},"end":{"line":18,"column":55}},"13":{"start":{"line":21,"column":22},"end":{"line":21,"column":43}},"14":{"start":{"line":23,"column":8},"end":{"line":27,"column":11}},"15":{"start":{"line":29,"column":29},"end":{"line":29,"column":49}},"16":{"start":{"line":31,"column":8},"end":{"line":33,"column":34}},"17":{"start":{"line":36,"column":8},"end":{"line":36,"column":20}},"18":{"start":{"line":40,"column":0},"end":{"line":70,"column":2}},"19":{"start":{"line":41,"column":42},"end":{"line":41,"column":50}},"20":{"start":{"line":43,"column":4},"end":{"line":69,"column":5}},"21":{"start":{"line":44,"column":8},"end":{"line":46,"column":9}},"22":{"start":{"line":45,"column":12},"end":{"line":45,"column":76}},"23":{"start":{"line":48,"column":8},"end":{"line":50,"column":9}},"24":{"start":{"line":49,"column":12},"end":{"line":49,"column":82}},"25":{"start":{"line":52,"column":8},"end":{"line":54,"column":9}},"26":{"start":{"line":53,"column":13},"end":{"line":53,"column":72}},"27":{"start":{"line":56,"column":31},"end":{"line":56,"column":59}},"28":{"start":{"line":58,"column":21},"end":{"line":62,"column":10}},"29":{"start":{"line":64,"column":8},"end":{"line":64,"column":26}},"30":{"start":{"line":66,"column":8},"end":{"line":66,"column":79}},"31":{"start":{"line":68,"column":8},"end":{"line":68,"column":19}},"32":{"start":{"line":72,"column":0},"end":{"line":130,"column":2}},"33":{"start":{"line":73,"column":16},"end":{"line":73,"column":26}},"34":{"start":{"line":87,"column":8},"end":{"line":87,"column":16}},"35":{"start":{"line":89,"column":4},"end":{"line":129,"column":5}},"36":{"start":{"line":90,"column":8},"end":{"line":92,"column":9}},"37":{"start":{"line":91,"column":10},"end":{"line":91,"column":72}},"38":{"start":{"line":94,"column":27},"end":{"line":106,"column":9}},"39":{"start":{"line":108,"column":8},"end":{"line":113,"column":9}},"40":{"start":{"line":109,"column":12},"end":{"line":112,"column":14}},"41":{"start":{"line":115,"column":22},"end":{"line":115,"column":40}},"42":{"start":{"line":117,"column":8},"end":{"line":121,"column":11}},"43":{"start":{"line":123,"column":28},"end":{"line":123,"column":56}},"44":{"start":{"line":125,"column":8},"end":{"line":125,"column":100}},"45":{"start":{"line":128,"column":8},"end":{"line":128,"column":20}},"46":{"start":{"line":132,"column":0},"end":{"line":151,"column":1}},"47":{"start":{"line":133,"column":4},"end":{"line":150,"column":5}},"48":{"start":{"line":134,"column":23},"end":{"line":134,"column":33}},"49":{"start":{"line":136,"column":8},"end":{"line":138,"column":9}},"50":{"start":{"line":137,"column":12},"end":{"line":137,"column":66}},"51":{"start":{"line":140,"column":30},"end":{"line":140,"column":67}},"52":{"start":{"line":142,"column":8},"end":{"line":146,"column":9}},"53":{"start":{"line":143,"column":12},"end":{"line":143,"column":75}},"54":{"start":{"line":145,"column":12},"end":{"line":145,"column":81}},"55":{"start":{"line":149,"column":8},"end":{"line":149,"column":20}}},"fnMap":{"0":{"name":"(anonymous_0)","decl":{"start":{"line":7,"column":26},"end":{"line":7,"column":27}},"loc":{"start":{"line":7,"column":52},"end":{"line":38,"column":1}},"line":7},"1":{"name":"(anonymous_1)","decl":{"start":{"line":40,"column":21},"end":{"line":40,"column":22}},"loc":{"start":{"line":40,"column":47},"end":{"line":70,"column":1}},"line":40},"2":{"name":"(anonymous_2)","decl":{"start":{"line":72,"column":21},"end":{"line":72,"column":22}},"loc":{"start":{"line":72,"column":47},"end":{"line":130,"column":1}},"line":72},"3":{"name":"(anonymous_3)","decl":{"start":{"line":132,"column":28},"end":{"line":132,"column":29}},"loc":{"start":{"line":132,"column":54},"end":{"line":151,"column":1}},"line":132}},"branchMap":{"0":{"loc":{"start":{"line":11,"column":8},"end":{"line":13,"column":9}},"type":"if","locations":[{"start":{"line":11,"column":8},"end":{"line":13,"column":9}},{"start":{},"end":{}}],"line":11},"1":{"loc":{"start":{"line":17,"column":8},"end":{"line":19,"column":9}},"type":"if","locations":[{"start":{"line":17,"column":8},"end":{"line":19,"column":9}},{"start":{},"end":{}}],"line":17},"2":{"loc":{"start":{"line":44,"column":8},"end":{"line":46,"column":9}},"type":"if","locations":[{"start":{"line":44,"column":8},"end":{"line":46,"column":9}},{"start":{},"end":{}}],"line":44},"3":{"loc":{"start":{"line":48,"column":8},"end":{"line":50,"column":9}},"type":"if","locations":[{"start":{"line":48,"column":8},"end":{"line":50,"column":9}},{"start":{},"end":{}}],"line":48},"4":{"loc":{"start":{"line":52,"column":8},"end":{"line":54,"column":9}},"type":"if","locations":[{"start":{"line":52,"column":8},"end":{"line":54,"column":9}},{"start":{},"end":{}}],"line":52},"5":{"loc":{"start":{"line":90,"column":8},"end":{"line":92,"column":9}},"type":"if","locations":[{"start":{"line":90,"column":8},"end":{"line":92,"column":9}},{"start":{},"end":{}}],"line":90},"6":{"loc":{"start":{"line":108,"column":8},"end":{"line":113,"column":9}},"type":"if","locations":[{"start":{"line":108,"column":8},"end":{"line":113,"column":9}},{"start":{},"end":{}}],"line":108},"7":{"loc":{"start":{"line":136,"column":8},"end":{"line":138,"column":9}},"type":"if","locations":[{"start":{"line":136,"column":8},"end":{"line":138,"column":9}},{"start":{},"end":{}}],"line":136},"8":{"loc":{"start":{"line":142,"column":8},"end":{"line":146,"column":9}},"type":"if","locations":[{"start":{"line":142,"column":8},"end":{"line":146,"column":9}},{"start":{"line":144,"column":15},"end":{"line":146,"column":9}}],"line":142}},"s":{"0":4,"1":4,"2":4,"3":4,"4":4,"5":4,"6":2,"7":2,"8":2,"9":0,"10":2,"11":2,"12":1,"13":1,"14":1,"15":1,"16":1,"17":1,"18":4,"19":8,"20":8,"21":8,"22":1,"23":7,"24":1,"25":6,"26":1,"27":5,"28":5,"29":5,"30":4,"31":4,"32":4,"33":4,"34":4,"35":4,"36":4,"37":1,"38":3,"39":3,"40":1,"41":2,"42":2,"43":2,"44":2,"45":2,"46":4,"47":1,"48":1,"49":1,"50":0,"51":1,"52":1,"53":1,"54":0,"55":0},"f":{"0":2,"1":8,"2":4,"3":1},"b":{"0":[0,2],"1":[1,1],"2":[1,7],"3":[1,6],"4":[1,5],"5":[1,3],"6":[1,2],"7":[0,1],"8":[1,0]},"_coverageSchema":"1a1c01bbd47fc00a2c39e90264f33305004495a9","hash":"38c461572edd0409bc349b12a9211788cb38b434"}
,"/Users/clairecastanet/personal-projects/raglan-generator-be/api/db/db_connection.js": {"path":"/Users/clairecastanet/personal-projects/raglan-generator-be/api/db/db_connection.js","statementMap":{"0":{"start":{"line":1,"column":17},"end":{"line":1,"column":36}},"1":{"start":{"line":3,"column":26},"end":{"line":18,"column":1}},"2":{"start":{"line":4,"column":21},"end":{"line":4,"column":44}},"3":{"start":{"line":6,"column":2},"end":{"line":11,"column":3}},"4":{"start":{"line":7,"column":4},"end":{"line":9,"column":6}},"5":{"start":{"line":10,"column":4},"end":{"line":10,"column":53}},"6":{"start":{"line":13,"column":2},"end":{"line":13,"column":37}},"7":{"start":{"line":15,"column":2},"end":{"line":17,"column":3}},"8":{"start":{"line":16,"column":4},"end":{"line":16,"column":53}},"9":{"start":{"line":20,"column":0},"end":{"line":20,"column":39}}},"fnMap":{"0":{"name":"(anonymous_0)","decl":{"start":{"line":3,"column":26},"end":{"line":3,"column":27}},"loc":{"start":{"line":3,"column":38},"end":{"line":18,"column":1}},"line":3}},"branchMap":{"0":{"loc":{"start":{"line":6,"column":2},"end":{"line":11,"column":3}},"type":"if","locations":[{"start":{"line":6,"column":2},"end":{"line":11,"column":3}},{"start":{},"end":{}}],"line":6},"1":{"loc":{"start":{"line":15,"column":2},"end":{"line":17,"column":3}},"type":"if","locations":[{"start":{"line":15,"column":2},"end":{"line":17,"column":3}},{"start":{},"end":{}}],"line":15}},"s":{"0":4,"1":4,"2":4,"3":4,"4":0,"5":0,"6":4,"7":4,"8":0,"9":4},"f":{"0":4},"b":{"0":[0,4],"1":[0,4]},"_coverageSchema":"1a1c01bbd47fc00a2c39e90264f33305004495a9","hash":"7d644f643d5b4b587963e66431a41e169a68c5a2"}
,"/Users/clairecastanet/personal-projects/raglan-generator-be/api/errorHandling/customError.js": {"path":"/Users/clairecastanet/personal-projects/raglan-generator-be/api/errorHandling/customError.js","statementMap":{"0":{"start":{"line":3,"column":4},"end":{"line":3,"column":19}},"1":{"start":{"line":4,"column":4},"end":{"line":4,"column":25}},"2":{"start":{"line":8,"column":0},"end":{"line":8,"column":31}}},"fnMap":{"0":{"name":"(anonymous_0)","decl":{"start":{"line":2,"column":2},"end":{"line":2,"column":3}},"loc":{"start":{"line":2,"column":31},"end":{"line":5,"column":3}},"line":2}},"branchMap":{},"s":{"0":22,"1":22,"2":4},"f":{"0":22},"b":{},"_coverageSchema":"1a1c01bbd47fc00a2c39e90264f33305004495a9","hash":"b6ff74aa32a77c48fa6737e2ad1a27cff73be3c2"}
,"/Users/clairecastanet/personal-projects/raglan-generator-be/api/errorHandling/errorHandlers.js": {"path":"/Users/clairecastanet/personal-projects/raglan-generator-be/api/errorHandling/errorHandlers.js","statementMap":{"0":{"start":{"line":1,"column":0},"end":{"line":11,"column":2}},"1":{"start":{"line":2,"column":2},"end":{"line":10,"column":3}},"2":{"start":{"line":3,"column":4},"end":{"line":3,"column":66}},"3":{"start":{"line":4,"column":9},"end":{"line":10,"column":3}},"4":{"start":{"line":5,"column":4},"end":{"line":5,"column":74}},"5":{"start":{"line":6,"column":9},"end":{"line":10,"column":3}},"6":{"start":{"line":7,"column":4},"end":{"line":7,"column":58}},"7":{"start":{"line":9,"column":4},"end":{"line":9,"column":14}},"8":{"start":{"line":14,"column":0},"end":{"line":16,"column":2}},"9":{"start":{"line":15,"column":2},"end":{"line":15,"column":71}},"10":{"start":{"line":19,"column":0},"end":{"line":24,"column":2}},"11":{"start":{"line":20,"column":2},"end":{"line":23,"column":5}},"12":{"start":{"line":27,"column":0},"end":{"line":33,"column":2}},"13":{"start":{"line":28,"column":2},"end":{"line":32,"column":7}}},"fnMap":{"0":{"name":"(anonymous_0)","decl":{"start":{"line":1,"column":29},"end":{"line":1,"column":30}},"loc":{"start":{"line":1,"column":54},"end":{"line":11,"column":1}},"line":1},"1":{"name":"(anonymous_1)","decl":{"start":{"line":14,"column":29},"end":{"line":14,"column":30}},"loc":{"start":{"line":14,"column":54},"end":{"line":16,"column":1}},"line":14},"2":{"name":"(anonymous_2)","decl":{"start":{"line":19,"column":28},"end":{"line":19,"column":29}},"loc":{"start":{"line":19,"column":48},"end":{"line":24,"column":1}},"line":19},"3":{"name":"(anonymous_3)","decl":{"start":{"line":27,"column":30},"end":{"line":27,"column":31}},"loc":{"start":{"line":27,"column":50},"end":{"line":33,"column":1}},"line":27}},"branchMap":{"0":{"loc":{"start":{"line":2,"column":2},"end":{"line":10,"column":3}},"type":"if","locations":[{"start":{"line":2,"column":2},"end":{"line":10,"column":3}},{"start":{"line":4,"column":9},"end":{"line":10,"column":3}}],"line":2},"1":{"loc":{"start":{"line":4,"column":9},"end":{"line":10,"column":3}},"type":"if","locations":[{"start":{"line":4,"column":9},"end":{"line":10,"column":3}},{"start":{"line":6,"column":9},"end":{"line":10,"column":3}}],"line":4},"2":{"loc":{"start":{"line":6,"column":9},"end":{"line":10,"column":3}},"type":"if","locations":[{"start":{"line":6,"column":9},"end":{"line":10,"column":3}},{"start":{"line":8,"column":10},"end":{"line":10,"column":3}}],"line":6}},"s":{"0":4,"1":24,"2":1,"3":23,"4":1,"5":22,"6":22,"7":0,"8":4,"9":0,"10":4,"11":1,"12":4,"13":1},"f":{"0":24,"1":0,"2":1,"3":1},"b":{"0":[1,23],"1":[1,22],"2":[22,0]},"_coverageSchema":"1a1c01bbd47fc00a2c39e90264f33305004495a9","hash":"c9351ccc20d80012a748c1b9e4276ae15f2ebdeb"}
,"/Users/clairecastanet/personal-projects/raglan-generator-be/api/middleware/tokenChecker.js": {"path":"/Users/clairecastanet/personal-projects/raglan-generator-be/api/middleware/tokenChecker.js","statementMap":{"0":{"start":{"line":1,"column":12},"end":{"line":1,"column":35}},"1":{"start":{"line":4,"column":21},"end":{"line":15,"column":1}},"2":{"start":{"line":5,"column":16},"end":{"line":5,"column":34}},"3":{"start":{"line":7,"column":2},"end":{"line":14,"column":5}},"4":{"start":{"line":8,"column":4},"end":{"line":13,"column":5}},"5":{"start":{"line":9,"column":6},"end":{"line":9,"column":66}},"6":{"start":{"line":11,"column":6},"end":{"line":11,"column":35}},"7":{"start":{"line":12,"column":6},"end":{"line":12,"column":13}},"8":{"start":{"line":17,"column":0},"end":{"line":17,"column":30}}},"fnMap":{"0":{"name":"(anonymous_0)","decl":{"start":{"line":4,"column":21},"end":{"line":4,"column":22}},"loc":{"start":{"line":4,"column":41},"end":{"line":15,"column":1}},"line":4},"1":{"name":"(anonymous_1)","decl":{"start":{"line":7,"column":44},"end":{"line":7,"column":45}},"loc":{"start":{"line":7,"column":62},"end":{"line":14,"column":3}},"line":7}},"branchMap":{"0":{"loc":{"start":{"line":8,"column":4},"end":{"line":13,"column":5}},"type":"if","locations":[{"start":{"line":8,"column":4},"end":{"line":13,"column":5}},{"start":{"line":10,"column":11},"end":{"line":13,"column":5}}],"line":8}},"s":{"0":4,"1":4,"2":30,"3":30,"4":30,"5":8,"6":22,"7":22,"8":4},"f":{"0":30,"1":30},"b":{"0":[8,22]},"_coverageSchema":"1a1c01bbd47fc00a2c39e90264f33305004495a9","hash":"7009125c1c58d38dd02bb0dd8e37a8d9a6ad02b4"}
,"/Users/clairecastanet/personal-projects/raglan-generator-be/api/models/patterns.js": {"path":"/Users/clairecastanet/personal-projects/raglan-generator-be/api/models/patterns.js","statementMap":{"0":{"start":{"line":1,"column":17},"end":{"line":1,"column":36}},"1":{"start":{"line":4,"column":22},"end":{"line":30,"column":2}},"2":{"start":{"line":32,"column":16},"end":{"line":32,"column":56}},"3":{"start":{"line":34,"column":0},"end":{"line":34,"column":25}}},"fnMap":{},"branchMap":{},"s":{"0":4,"1":4,"2":4,"3":4},"f":{},"b":{},"_coverageSchema":"1a1c01bbd47fc00a2c39e90264f33305004495a9","hash":"dd5a45bec1b712632ff8a4e4e2a8bec655b3ae12"}
,"/Users/clairecastanet/personal-projects/raglan-generator-be/api/models/users.js": {"path":"/Users/clairecastanet/personal-projects/raglan-generator-be/api/models/users.js","statementMap":{"0":{"start":{"line":1,"column":17},"end":{"line":1,"column":36}},"1":{"start":{"line":3,"column":19},"end":{"line":23,"column":2}},"2":{"start":{"line":25,"column":13},"end":{"line":25,"column":47}},"3":{"start":{"line":27,"column":0},"end":{"line":27,"column":22}}},"fnMap":{},"branchMap":{},"s":{"0":5,"1":5,"2":5,"3":5},"f":{},"b":{},"_coverageSchema":"1a1c01bbd47fc00a2c39e90264f33305004495a9","hash":"73829eeb539eb8fb4746eed1a09a6d6a554204f3"}
,"/Users/clairecastanet/personal-projects/raglan-generator-be/api/routers/apiRouter.js": {"path":"/Users/clairecastanet/personal-projects/raglan-generator-be/api/routers/apiRouter.js","statementMap":{"0":{"start":{"line":1,"column":16},"end":{"line":1,"column":34}},"1":{"start":{"line":2,"column":18},"end":{"line":2,"column":34}},"2":{"start":{"line":3,"column":19},"end":{"line":3,"column":43}},"3":{"start":{"line":4,"column":19},"end":{"line":4,"column":42}},"4":{"start":{"line":5,"column":23},"end":{"line":5,"column":50}},"5":{"start":{"line":8,"column":0},"end":{"line":8,"column":36}},"6":{"start":{"line":9,"column":0},"end":{"line":9,"column":45}},"7":{"start":{"line":10,"column":0},"end":{"line":10,"column":43}},"8":{"start":{"line":13,"column":0},"end":{"line":13,"column":27}}},"fnMap":{},"branchMap":{},"s":{"0":4,"1":4,"2":4,"3":4,"4":4,"5":4,"6":4,"7":4,"8":4},"f":{},"b":{},"_coverageSchema":"1a1c01bbd47fc00a2c39e90264f33305004495a9","hash":"1107cbdd7dce8eb3f02af13fa6813da1362d9a7a"}
,"/Users/clairecastanet/personal-projects/raglan-generator-be/api/routers/authRouter.js": {"path":"/Users/clairecastanet/personal-projects/raglan-generator-be/api/routers/authRouter.js","statementMap":{"0":{"start":{"line":1,"column":16},"end":{"line":1,"column":34}},"1":{"start":{"line":2,"column":19},"end":{"line":2,"column":35}},"2":{"start":{"line":3,"column":23},"end":{"line":3,"column":63}},"3":{"start":{"line":4,"column":21},"end":{"line":4,"column":58}},"4":{"start":{"line":5,"column":32},"end":{"line":5,"column":73}},"5":{"start":{"line":7,"column":0},"end":{"line":7,"column":33}},"6":{"start":{"line":9,"column":0},"end":{"line":9,"column":41}},"7":{"start":{"line":11,"column":0},"end":{"line":11,"column":28}}},"fnMap":{},"branchMap":{},"s":{"0":4,"1":4,"2":4,"3":4,"4":4,"5":4,"6":4,"7":4},"f":{},"b":{},"_coverageSchema":"1a1c01bbd47fc00a2c39e90264f33305004495a9","hash":"52e9e2c0113237b82d4a6e0b225271900e928af1"}
,"/Users/clairecastanet/personal-projects/raglan-generator-be/api/routers/patternsRouter.js": {"path":"/Users/clairecastanet/personal-projects/raglan-generator-be/api/routers/patternsRouter.js","statementMap":{"0":{"start":{"line":1,"column":16},"end":{"line":1,"column":34}},"1":{"start":{"line":2,"column":22},"end":{"line":2,"column":38}},"2":{"start":{"line":3,"column":21},"end":{"line":3,"column":58}},"3":{"start":{"line":4,"column":32},"end":{"line":4,"column":73}},"4":{"start":{"line":5,"column":40},"end":{"line":5,"column":74}},"5":{"start":{"line":8,"column":0},"end":{"line":8,"column":51}},"6":{"start":{"line":9,"column":0},"end":{"line":9,"column":64}},"7":{"start":{"line":11,"column":0},"end":{"line":11,"column":44}},"8":{"start":{"line":13,"column":0},"end":{"line":13,"column":31}}},"fnMap":{},"branchMap":{},"s":{"0":4,"1":4,"2":4,"3":4,"4":4,"5":4,"6":4,"7":4,"8":4},"f":{},"b":{},"_coverageSchema":"1a1c01bbd47fc00a2c39e90264f33305004495a9","hash":"06e998731a873783f44dc7f9ef124edbda84eec6"}
,"/Users/clairecastanet/personal-projects/raglan-generator-be/api/routers/usersRouter.js": {"path":"/Users/clairecastanet/personal-projects/raglan-generator-be/api/routers/usersRouter.js","statementMap":{"0":{"start":{"line":1,"column":16},"end":{"line":1,"column":34}},"1":{"start":{"line":2,"column":19},"end":{"line":2,"column":35}},"2":{"start":{"line":3,"column":21},"end":{"line":3,"column":58}},"3":{"start":{"line":4,"column":71},"end":{"line":4,"column":102}},"4":{"start":{"line":5,"column":32},"end":{"line":5,"column":73}},"5":{"start":{"line":8,"column":0},"end":{"line":8,"column":33}},"6":{"start":{"line":9,"column":0},"end":{"line":9,"column":53}},"7":{"start":{"line":10,"column":0},"end":{"line":10,"column":48}},"8":{"start":{"line":11,"column":0},"end":{"line":11,"column":58}},"9":{"start":{"line":13,"column":0},"end":{"line":13,"column":41}},"10":{"start":{"line":15,"column":0},"end":{"line":15,"column":28}}},"fnMap":{},"branchMap":{},"s":{"0":4,"1":4,"2":4,"3":4,"4":4,"5":4,"6":4,"7":4,"8":4,"9":4,"10":4},"f":{},"b":{},"_coverageSchema":"1a1c01bbd47fc00a2c39e90264f33305004495a9","hash":"20161a3c74b2687930f1fb78f936d1b487947086"}
,"/Users/clairecastanet/personal-projects/raglan-generator-be/api/utils/data_validation.js": {"path":"/Users/clairecastanet/personal-projects/raglan-generator-be/api/utils/data_validation.js","statementMap":{"0":{"start":{"line":1,"column":13},"end":{"line":1,"column":39}},"1":{"start":{"line":3,"column":0},"end":{"line":7,"column":2}},"2":{"start":{"line":4,"column":17},"end":{"line":4,"column":49}},"3":{"start":{"line":6,"column":4},"end":{"line":6,"column":16}},"4":{"start":{"line":9,"column":0},"end":{"line":13,"column":2}},"5":{"start":{"line":10,"column":17},"end":{"line":10,"column":46}},"6":{"start":{"line":12,"column":4},"end":{"line":12,"column":16}},"7":{"start":{"line":15,"column":0},"end":{"line":28,"column":2}},"8":{"start":{"line":16,"column":25},"end":{"line":25,"column":5}},"9":{"start":{"line":27,"column":4},"end":{"line":27,"column":24}},"10":{"start":{"line":30,"column":0},"end":{"line":78,"column":2}},"11":{"start":{"line":31,"column":28},"end":{"line":31,"column":39}},"12":{"start":{"line":33,"column":25},"end":{"line":56,"column":5}},"13":{"start":{"line":58,"column":27},"end":{"line":58,"column":52}},"14":{"start":{"line":61,"column":4},"end":{"line":63,"column":5}},"15":{"start":{"line":62,"column":8},"end":{"line":62,"column":21}},"16":{"start":{"line":65,"column":37},"end":{"line":69,"column":6}},"17":{"start":{"line":66,"column":35},"end":{"line":66,"column":53}},"18":{"start":{"line":68,"column":8},"end":{"line":68,"column":105}},"19":{"start":{"line":71,"column":4},"end":{"line":71,"column":41}},"20":{"start":{"line":73,"column":4},"end":{"line":75,"column":5}},"21":{"start":{"line":74,"column":6},"end":{"line":74,"column":19}},"22":{"start":{"line":77,"column":4},"end":{"line":77,"column":16}}},"fnMap":{"0":{"name":"(anonymous_0)","decl":{"start":{"line":3,"column":33},"end":{"line":3,"column":34}},"loc":{"start":{"line":3,"column":53},"end":{"line":7,"column":1}},"line":3},"1":{"name":"(anonymous_1)","decl":{"start":{"line":9,"column":30},"end":{"line":9,"column":31}},"loc":{"start":{"line":9,"column":47},"end":{"line":13,"column":1}},"line":9},"2":{"name":"(anonymous_2)","decl":{"start":{"line":15,"column":25},"end":{"line":15,"column":26}},"loc":{"start":{"line":15,"column":35},"end":{"line":28,"column":1}},"line":15},"3":{"name":"(anonymous_3)","decl":{"start":{"line":30,"column":30},"end":{"line":30,"column":31}},"loc":{"start":{"line":30,"column":47},"end":{"line":78,"column":1}},"line":30},"4":{"name":"(anonymous_4)","decl":{"start":{"line":65,"column":59},"end":{"line":65,"column":60}},"loc":{"start":{"line":65,"column":70},"end":{"line":69,"column":5}},"line":65}},"branchMap":{"0":{"loc":{"start":{"line":19,"column":28},"end":{"line":19,"column":64}},"type":"binary-expr","locations":[{"start":{"line":19,"column":28},"end":{"line":19,"column":51}},{"start":{"line":19,"column":55},"end":{"line":19,"column":64}}],"line":19},"1":{"loc":{"start":{"line":20,"column":19},"end":{"line":20,"column":46}},"type":"binary-expr","locations":[{"start":{"line":20,"column":19},"end":{"line":20,"column":33}},{"start":{"line":20,"column":37},"end":{"line":20,"column":46}}],"line":20},"2":{"loc":{"start":{"line":21,"column":26},"end":{"line":21,"column":60}},"type":"binary-expr","locations":[{"start":{"line":21,"column":26},"end":{"line":21,"column":47}},{"start":{"line":21,"column":51},"end":{"line":21,"column":60}}],"line":21},"3":{"loc":{"start":{"line":22,"column":20},"end":{"line":22,"column":48}},"type":"binary-expr","locations":[{"start":{"line":22,"column":20},"end":{"line":22,"column":35}},{"start":{"line":22,"column":39},"end":{"line":22,"column":48}}],"line":22},"4":{"loc":{"start":{"line":23,"column":23},"end":{"line":23,"column":54}},"type":"binary-expr","locations":[{"start":{"line":23,"column":23},"end":{"line":23,"column":41}},{"start":{"line":23,"column":45},"end":{"line":23,"column":54}}],"line":23},"5":{"loc":{"start":{"line":24,"column":23},"end":{"line":24,"column":54}},"type":"binary-expr","locations":[{"start":{"line":24,"column":23},"end":{"line":24,"column":41}},{"start":{"line":24,"column":45},"end":{"line":24,"column":54}}],"line":24},"6":{"loc":{"start":{"line":61,"column":4},"end":{"line":63,"column":5}},"type":"if","locations":[{"start":{"line":61,"column":4},"end":{"line":63,"column":5}},{"start":{},"end":{}}],"line":61},"7":{"loc":{"start":{"line":68,"column":15},"end":{"line":68,"column":104}},"type":"binary-expr","locations":[{"start":{"line":68,"column":15},"end":{"line":68,"column":34}},{"start":{"line":68,"column":38},"end":{"line":68,"column":77}},{"start":{"line":68,"column":81},"end":{"line":68,"column":104}}],"line":68},"8":{"loc":{"start":{"line":73,"column":4},"end":{"line":75,"column":5}},"type":"if","locations":[{"start":{"line":73,"column":4},"end":{"line":75,"column":5}},{"start":{},"end":{}}],"line":73}},"s":{"0":4,"1":4,"2":12,"3":12,"4":4,"5":7,"6":7,"7":4,"8":3,"9":3,"10":4,"11":9,"12":9,"13":9,"14":9,"15":1,"16":8,"17":36,"18":36,"19":8,"20":8,"21":6,"22":2},"f":{"0":12,"1":7,"2":3,"3":9,"4":36},"b":{"0":[3,1],"1":[3,1],"2":[3,3],"3":[3,3],"4":[3,3],"5":[3,3],"6":[1,8],"7":[36,27,26],"8":[6,2]},"_coverageSchema":"1a1c01bbd47fc00a2c39e90264f33305004495a9","hash":"833e812c4e11e6f06345ccf8198f6c9d9d9a0818"}
,"/Users/clairecastanet/personal-projects/raglan-generator-be/api/utils/encryption_utils.js": {"path":"/Users/clairecastanet/personal-projects/raglan-generator-be/api/utils/encryption_utils.js","statementMap":{"0":{"start":{"line":1,"column":15},"end":{"line":1,"column":32}},"1":{"start":{"line":3,"column":0},"end":{"line":7,"column":1}},"2":{"start":{"line":4,"column":15},"end":{"line":4,"column":39}},"3":{"start":{"line":5,"column":25},"end":{"line":5,"column":58}},"4":{"start":{"line":6,"column":2},"end":{"line":6,"column":24}},"5":{"start":{"line":9,"column":0},"end":{"line":13,"column":1}},"6":{"start":{"line":10,"column":25},"end":{"line":10,"column":74}},"7":{"start":{"line":12,"column":2},"end":{"line":12,"column":24}}},"fnMap":{"0":{"name":"(anonymous_0)","decl":{"start":{"line":3,"column":23},"end":{"line":3,"column":24}},"loc":{"start":{"line":3,"column":43},"end":{"line":7,"column":1}},"line":3},"1":{"name":"(anonymous_1)","decl":{"start":{"line":9,"column":27},"end":{"line":9,"column":28}},"loc":{"start":{"line":9,"column":66},"end":{"line":13,"column":1}},"line":9}},"branchMap":{},"s":{"0":4,"1":4,"2":10,"3":10,"4":10,"5":4,"6":2,"7":2},"f":{"0":10,"1":2},"b":{},"_coverageSchema":"1a1c01bbd47fc00a2c39e90264f33305004495a9","hash":"30c210abea147d1448f26b27dc0999136ab44d40"}
,"/Users/clairecastanet/personal-projects/raglan-generator-be/api/utils/jwt_token_utils.js": {"path":"/Users/clairecastanet/personal-projects/raglan-generator-be/api/utils/jwt_token_utils.js","statementMap":{"0":{"start":{"line":1,"column":12},"end":{"line":1,"column":35}},"1":{"start":{"line":2,"column":15},"end":{"line":2,"column":37}},"2":{"start":{"line":3,"column":17},"end":{"line":3,"column":36}},"3":{"start":{"line":4,"column":24},"end":{"line":4,"column":63}},"4":{"start":{"line":6,"column":0},"end":{"line":28,"column":2}},"5":{"start":{"line":7,"column":2},"end":{"line":27,"column":3}},"6":{"start":{"line":8,"column":4},"end":{"line":10,"column":5}},"7":{"start":{"line":9,"column":8},"end":{"line":9,"column":61}},"8":{"start":{"line":14,"column":4},"end":{"line":23,"column":6}},"9":{"start":{"line":25,"column":4},"end":{"line":25,"column":50}},"10":{"start":{"line":26,"column":4},"end":{"line":26,"column":55}},"11":{"start":{"line":30,"column":0},"end":{"line":32,"column":2}},"12":{"start":{"line":31,"column":2},"end":{"line":31,"column":35}}},"fnMap":{"0":{"name":"(anonymous_0)","decl":{"start":{"line":6,"column":24},"end":{"line":6,"column":25}},"loc":{"start":{"line":6,"column":36},"end":{"line":28,"column":1}},"line":6},"1":{"name":"(anonymous_1)","decl":{"start":{"line":30,"column":22},"end":{"line":30,"column":23}},"loc":{"start":{"line":30,"column":33},"end":{"line":32,"column":1}},"line":30}},"branchMap":{"0":{"loc":{"start":{"line":8,"column":4},"end":{"line":10,"column":5}},"type":"if","locations":[{"start":{"line":8,"column":4},"end":{"line":10,"column":5}},{"start":{},"end":{}}],"line":8}},"s":{"0":4,"1":4,"2":4,"3":4,"4":4,"5":36,"6":36,"7":0,"8":36,"9":0,"10":0,"11":4,"12":0},"f":{"0":36,"1":0},"b":{"0":[0,36]},"_coverageSchema":"1a1c01bbd47fc00a2c39e90264f33305004495a9","hash":"0ec42bceea4e2e6e3d6ba74918b1d78e05e75b10"}
}
