{"/Users/clairecastanet/personal-projects/raglan-generator-be/api/app.js": {"path":"/Users/clairecastanet/personal-projects/raglan-generator-be/api/app.js","statementMap":{"0":{"start":{"line":1,"column":16},"end":{"line":1,"column":34}},"1":{"start":{"line":2,"column":19},"end":{"line":2,"column":41}},"2":{"start":{"line":3,"column":21},"end":{"line":3,"column":45}},"3":{"start":{"line":4,"column":13},"end":{"line":4,"column":28}},"4":{"start":{"line":8,"column":4},"end":{"line":8,"column":47}},"5":{"start":{"line":10,"column":12},"end":{"line":10,"column":21}},"6":{"start":{"line":12,"column":18},"end":{"line":12,"column":51}},"7":{"start":{"line":14,"column":0},"end":{"line":14,"column":16}},"8":{"start":{"line":15,"column":0},"end":{"line":15,"column":27}},"9":{"start":{"line":16,"column":0},"end":{"line":16,"column":24}},"10":{"start":{"line":18,"column":0},"end":{"line":18,"column":27}},"11":{"start":{"line":19,"column":0},"end":{"line":19,"column":33}},"12":{"start":{"line":21,"column":0},"end":{"line":21,"column":28}},"13":{"start":{"line":23,"column":0},"end":{"line":23,"column":21}}},"fnMap":{},"branchMap":{},"s":{"0":4,"1":4,"2":4,"3":4,"4":4,"5":4,"6":4,"7":4,"8":4,"9":4,"10":4,"11":4,"12":4,"13":4},"f":{},"b":{},"_coverageSchema":"1a1c01bbd47fc00a2c39e90264f33305004495a9","hash":"6a205a9b3092f0e4559b286db0e946ef9e98367e"}
,"/Users/clairecastanet/personal-projects/raglan-generator-be/api/mongodb_helper.js": {"path":"/Users/clairecastanet/personal-projects/raglan-generator-be/api/mongodb_helper.js","statementMap":{"0":{"start":{"line":1,"column":17},"end":{"line":1,"column":36}},"1":{"start":{"line":2,"column":30},"end":{"line":2,"column":59}},"2":{"start":{"line":4,"column":0},"end":{"line":6,"column":3}},"3":{"start":{"line":5,"column":2},"end":{"line":5,"column":28}},"4":{"start":{"line":8,"column":0},"end":{"line":10,"column":3}},"5":{"start":{"line":9,"column":2},"end":{"line":9,"column":40}}},"fnMap":{"0":{"name":"(anonymous_0)","decl":{"start":{"line":4,"column":10},"end":{"line":4,"column":11}},"loc":{"start":{"line":4,"column":22},"end":{"line":6,"column":1}},"line":4},"1":{"name":"(anonymous_1)","decl":{"start":{"line":8,"column":9},"end":{"line":8,"column":10}},"loc":{"start":{"line":8,"column":21},"end":{"line":10,"column":1}},"line":8}},"branchMap":{},"s":{"0":4,"1":4,"2":4,"3":4,"4":4,"5":4},"f":{"0":4,"1":4},"b":{},"_coverageSchema":"1a1c01bbd47fc00a2c39e90264f33305004495a9","hash":"f338360b9f607d230ba36d8ba90e0ce5b1c2959d"}
,"/Users/clairecastanet/personal-projects/raglan-generator-be/api/controllers/authentication.js": {"path":"/Users/clairecastanet/personal-projects/raglan-generator-be/api/controllers/authentication.js","statementMap":{"0":{"start":{"line":1,"column":13},"end":{"line":1,"column":39}},"1":{"start":{"line":2,"column":21},"end":{"line":2,"column":54}},"2":{"start":{"line":3,"column":19},"end":{"line":3,"column":50}},"3":{"start":{"line":5,"column":24},"end":{"line":5,"column":63}},"4":{"start":{"line":6,"column":19},"end":{"line":6,"column":36}},"5":{"start":{"line":7,"column":12},"end":{"line":7,"column":35}},"6":{"start":{"line":9,"column":76},"end":{"line":9,"column":109}},"7":{"start":{"line":10,"column":54},"end":{"line":10,"column":89}},"8":{"start":{"line":11,"column":22},"end":{"line":11,"column":51}},"9":{"start":{"line":14,"column":23},"end":{"line":87,"column":1}},"10":{"start":{"line":15,"column":2},"end":{"line":86,"column":3}},"11":{"start":{"line":16,"column":25},"end":{"line":16,"column":51}},"12":{"start":{"line":17,"column":21},"end":{"line":17,"column":43}},"13":{"start":{"line":19,"column":4},"end":{"line":21,"column":5}},"14":{"start":{"line":20,"column":6},"end":{"line":20,"column":60}},"15":{"start":{"line":25,"column":4},"end":{"line":39,"column":5}},"16":{"start":{"line":26,"column":6},"end":{"line":26,"column":65}},"17":{"start":{"line":30,"column":33},"end":{"line":30,"column":56}},"18":{"start":{"line":31,"column":6},"end":{"line":36,"column":8}},"19":{"start":{"line":38,"column":6},"end":{"line":38,"column":60}},"20":{"start":{"line":42,"column":31},"end":{"line":42,"column":54}},"21":{"start":{"line":43,"column":27},"end":{"line":43,"column":46}},"22":{"start":{"line":46,"column":24},"end":{"line":50,"column":29}},"23":{"start":{"line":54,"column":4},"end":{"line":56,"column":5}},"24":{"start":{"line":55,"column":6},"end":{"line":55,"column":60}},"25":{"start":{"line":59,"column":24},"end":{"line":59,"column":60}},"26":{"start":{"line":62,"column":28},"end":{"line":62,"column":65}},"27":{"start":{"line":63,"column":34},"end":{"line":63,"column":60}},"28":{"start":{"line":65,"column":4},"end":{"line":69,"column":14}},"29":{"start":{"line":71,"column":4},"end":{"line":75,"column":7}},"30":{"start":{"line":77,"column":4},"end":{"line":81,"column":7}},"31":{"start":{"line":83,"column":4},"end":{"line":83,"column":70}},"32":{"start":{"line":85,"column":4},"end":{"line":85,"column":16}},"33":{"start":{"line":89,"column":19},"end":{"line":168,"column":1}},"34":{"start":{"line":90,"column":2},"end":{"line":167,"column":3}},"35":{"start":{"line":91,"column":32},"end":{"line":91,"column":40}},"36":{"start":{"line":93,"column":4},"end":{"line":95,"column":5}},"37":{"start":{"line":94,"column":6},"end":{"line":94,"column":63}},"38":{"start":{"line":97,"column":17},"end":{"line":97,"column":46}},"39":{"start":{"line":99,"column":4},"end":{"line":101,"column":5}},"40":{"start":{"line":100,"column":6},"end":{"line":100,"column":63}},"41":{"start":{"line":103,"column":4},"end":{"line":105,"column":5}},"42":{"start":{"line":104,"column":6},"end":{"line":104,"column":63}},"43":{"start":{"line":110,"column":19},"end":{"line":110,"column":41}},"44":{"start":{"line":112,"column":4},"end":{"line":120,"column":5}},"45":{"start":{"line":113,"column":6},"end":{"line":113,"column":40}},"46":{"start":{"line":115,"column":6},"end":{"line":119,"column":9}},"47":{"start":{"line":122,"column":27},"end":{"line":122,"column":46}},"48":{"start":{"line":125,"column":40},"end":{"line":128,"column":5}},"49":{"start":{"line":130,"column":24},"end":{"line":130,"column":53}},"50":{"start":{"line":131,"column":25},"end":{"line":131,"column":55}},"51":{"start":{"line":133,"column":31},"end":{"line":133,"column":54}},"52":{"start":{"line":135,"column":4},"end":{"line":139,"column":14}},"53":{"start":{"line":141,"column":4},"end":{"line":145,"column":7}},"54":{"start":{"line":147,"column":4},"end":{"line":151,"column":7}},"55":{"start":{"line":153,"column":25},"end":{"line":162,"column":5}},"56":{"start":{"line":164,"column":4},"end":{"line":164,"column":83}},"57":{"start":{"line":166,"column":4},"end":{"line":166,"column":16}},"58":{"start":{"line":170,"column":20},"end":{"line":204,"column":1}},"59":{"start":{"line":171,"column":2},"end":{"line":203,"column":3}},"60":{"start":{"line":172,"column":25},"end":{"line":172,"column":51}},"61":{"start":{"line":173,"column":21},"end":{"line":173,"column":43}},"62":{"start":{"line":175,"column":4},"end":{"line":177,"column":5}},"63":{"start":{"line":176,"column":6},"end":{"line":176,"column":60}},"64":{"start":{"line":181,"column":27},"end":{"line":181,"column":46}},"65":{"start":{"line":183,"column":29},"end":{"line":186,"column":29}},"66":{"start":{"line":189,"column":4},"end":{"line":192,"column":7}},"67":{"start":{"line":195,"column":4},"end":{"line":198,"column":7}},"68":{"start":{"line":200,"column":4},"end":{"line":200,"column":65}},"69":{"start":{"line":202,"column":4},"end":{"line":202,"column":15}},"70":{"start":{"line":206,"column":34},"end":{"line":241,"column":1}},"71":{"start":{"line":207,"column":2},"end":{"line":240,"column":3}},"72":{"start":{"line":208,"column":19},"end":{"line":208,"column":29}},"73":{"start":{"line":209,"column":41},"end":{"line":209,"column":49}},"74":{"start":{"line":210,"column":21},"end":{"line":210,"column":43}},"75":{"start":{"line":212,"column":4},"end":{"line":214,"column":5}},"76":{"start":{"line":213,"column":6},"end":{"line":213,"column":58}},"77":{"start":{"line":216,"column":17},"end":{"line":216,"column":44}},"78":{"start":{"line":219,"column":4},"end":{"line":221,"column":5}},"79":{"start":{"line":220,"column":6},"end":{"line":220,"column":58}},"80":{"start":{"line":224,"column":27},"end":{"line":224,"column":58}},"81":{"start":{"line":225,"column":4},"end":{"line":225,"column":35}},"82":{"start":{"line":226,"column":4},"end":{"line":226,"column":22}},"83":{"start":{"line":228,"column":27},"end":{"line":228,"column":46}},"84":{"start":{"line":231,"column":4},"end":{"line":234,"column":6}},"85":{"start":{"line":237,"column":4},"end":{"line":237,"column":74}},"86":{"start":{"line":239,"column":4},"end":{"line":239,"column":16}},"87":{"start":{"line":243,"column":38},"end":{"line":294,"column":1}},"88":{"start":{"line":244,"column":2},"end":{"line":293,"column":3}},"89":{"start":{"line":245,"column":19},"end":{"line":245,"column":29}},"90":{"start":{"line":246,"column":35},"end":{"line":246,"column":43}},"91":{"start":{"line":248,"column":17},"end":{"line":248,"column":44}},"92":{"start":{"line":251,"column":4},"end":{"line":253,"column":5}},"93":{"start":{"line":252,"column":6},"end":{"line":252,"column":55}},"94":{"start":{"line":256,"column":26},"end":{"line":256,"column":48}},"95":{"start":{"line":257,"column":29},"end":{"line":257,"column":53}},"96":{"start":{"line":259,"column":23},"end":{"line":263,"column":6}},"97":{"start":{"line":265,"column":4},"end":{"line":265,"column":28}},"98":{"start":{"line":267,"column":19},"end":{"line":267,"column":57}},"99":{"start":{"line":273,"column":28},"end":{"line":278,"column":6}},"100":{"start":{"line":280,"column":4},"end":{"line":282,"column":5}},"101":{"start":{"line":281,"column":6},"end":{"line":281,"column":60}},"102":{"start":{"line":285,"column":37},"end":{"line":285,"column":80}},"103":{"start":{"line":287,"column":4},"end":{"line":287,"column":77}},"104":{"start":{"line":290,"column":4},"end":{"line":290,"column":69}},"105":{"start":{"line":292,"column":4},"end":{"line":292,"column":16}},"106":{"start":{"line":296,"column":25},"end":{"line":371,"column":1}},"107":{"start":{"line":297,"column":2},"end":{"line":370,"column":3}},"108":{"start":{"line":298,"column":27},"end":{"line":298,"column":35}},"109":{"start":{"line":300,"column":19},"end":{"line":300,"column":29}},"110":{"start":{"line":302,"column":4},"end":{"line":306,"column":5}},"111":{"start":{"line":303,"column":6},"end":{"line":303,"column":66}},"112":{"start":{"line":308,"column":29},"end":{"line":308,"column":50}},"113":{"start":{"line":311,"column":29},"end":{"line":317,"column":5}},"114":{"start":{"line":320,"column":4},"end":{"line":322,"column":5}},"115":{"start":{"line":321,"column":6},"end":{"line":321,"column":66}},"116":{"start":{"line":325,"column":25},"end":{"line":325,"column":111}},"117":{"start":{"line":330,"column":4},"end":{"line":330,"column":75}},"118":{"start":{"line":332,"column":25},"end":{"line":332,"column":53}},"119":{"start":{"line":333,"column":31},"end":{"line":333,"column":54}},"120":{"start":{"line":337,"column":19},"end":{"line":337,"column":41}},"121":{"start":{"line":339,"column":4},"end":{"line":347,"column":5}},"122":{"start":{"line":340,"column":6},"end":{"line":340,"column":40}},"123":{"start":{"line":342,"column":6},"end":{"line":346,"column":9}},"124":{"start":{"line":349,"column":27},"end":{"line":349,"column":46}},"125":{"start":{"line":351,"column":4},"end":{"line":355,"column":14}},"126":{"start":{"line":357,"column":5},"end":{"line":361,"column":8}},"127":{"start":{"line":363,"column":5},"end":{"line":367,"column":8}},"128":{"start":{"line":369,"column":4},"end":{"line":369,"column":16}},"129":{"start":{"line":374,"column":38},"end":{"line":376,"column":1}},"130":{"start":{"line":378,"column":31},"end":{"line":380,"column":1}},"131":{"start":{"line":382,"column":0},"end":{"line":388,"column":2}}},"fnMap":{"0":{"name":"(anonymous_0)","decl":{"start":{"line":14,"column":23},"end":{"line":14,"column":24}},"loc":{"start":{"line":14,"column":49},"end":{"line":87,"column":1}},"line":14},"1":{"name":"(anonymous_1)","decl":{"start":{"line":89,"column":19},"end":{"line":89,"column":20}},"loc":{"start":{"line":89,"column":45},"end":{"line":168,"column":1}},"line":89},"2":{"name":"(anonymous_2)","decl":{"start":{"line":170,"column":20},"end":{"line":170,"column":21}},"loc":{"start":{"line":170,"column":46},"end":{"line":204,"column":1}},"line":170},"3":{"name":"(anonymous_3)","decl":{"start":{"line":206,"column":34},"end":{"line":206,"column":35}},"loc":{"start":{"line":206,"column":60},"end":{"line":241,"column":1}},"line":206},"4":{"name":"(anonymous_4)","decl":{"start":{"line":243,"column":38},"end":{"line":243,"column":39}},"loc":{"start":{"line":243,"column":64},"end":{"line":294,"column":1}},"line":243},"5":{"name":"(anonymous_5)","decl":{"start":{"line":296,"column":25},"end":{"line":296,"column":26}},"loc":{"start":{"line":296,"column":37},"end":{"line":371,"column":1}},"line":296},"6":{"name":"(anonymous_6)","decl":{"start":{"line":374,"column":38},"end":{"line":374,"column":39}},"loc":{"start":{"line":374,"column":44},"end":{"line":376,"column":1}},"line":374},"7":{"name":"(anonymous_7)","decl":{"start":{"line":378,"column":31},"end":{"line":378,"column":32}},"loc":{"start":{"line":378,"column":37},"end":{"line":380,"column":1}},"line":378}},"branchMap":{"0":{"loc":{"start":{"line":19,"column":4},"end":{"line":21,"column":5}},"type":"if","locations":[{"start":{"line":19,"column":4},"end":{"line":21,"column":5}},{"start":{},"end":{}}],"line":19},"1":{"loc":{"start":{"line":19,"column":8},"end":{"line":19,"column":34}},"type":"binary-expr","locations":[{"start":{"line":19,"column":8},"end":{"line":19,"column":21}},{"start":{"line":19,"column":25},"end":{"line":19,"column":34}}],"line":19},"2":{"loc":{"start":{"line":54,"column":4},"end":{"line":56,"column":5}},"type":"if","locations":[{"start":{"line":54,"column":4},"end":{"line":56,"column":5}},{"start":{},"end":{}}],"line":54},"3":{"loc":{"start":{"line":54,"column":8},"end":{"line":54,"column":47}},"type":"binary-expr","locations":[{"start":{"line":54,"column":8},"end":{"line":54,"column":20}},{"start":{"line":54,"column":24},"end":{"line":54,"column":47}}],"line":54},"4":{"loc":{"start":{"line":93,"column":4},"end":{"line":95,"column":5}},"type":"if","locations":[{"start":{"line":93,"column":4},"end":{"line":95,"column":5}},{"start":{},"end":{}}],"line":93},"5":{"loc":{"start":{"line":93,"column":8},"end":{"line":93,"column":27}},"type":"binary-expr","locations":[{"start":{"line":93,"column":8},"end":{"line":93,"column":14}},{"start":{"line":93,"column":18},"end":{"line":93,"column":27}}],"line":93},"6":{"loc":{"start":{"line":99,"column":4},"end":{"line":101,"column":5}},"type":"if","locations":[{"start":{"line":99,"column":4},"end":{"line":101,"column":5}},{"start":{},"end":{}}],"line":99},"7":{"loc":{"start":{"line":103,"column":4},"end":{"line":105,"column":5}},"type":"if","locations":[{"start":{"line":103,"column":4},"end":{"line":105,"column":5}},{"start":{},"end":{}}],"line":103},"8":{"loc":{"start":{"line":112,"column":4},"end":{"line":120,"column":5}},"type":"if","locations":[{"start":{"line":112,"column":4},"end":{"line":120,"column":5}},{"start":{},"end":{}}],"line":112},"9":{"loc":{"start":{"line":156,"column":26},"end":{"line":156,"column":62}},"type":"binary-expr","locations":[{"start":{"line":156,"column":26},"end":{"line":156,"column":49}},{"start":{"line":156,"column":53},"end":{"line":156,"column":62}}],"line":156},"10":{"loc":{"start":{"line":157,"column":17},"end":{"line":157,"column":44}},"type":"binary-expr","locations":[{"start":{"line":157,"column":17},"end":{"line":157,"column":31}},{"start":{"line":157,"column":35},"end":{"line":157,"column":44}}],"line":157},"11":{"loc":{"start":{"line":158,"column":24},"end":{"line":158,"column":58}},"type":"binary-expr","locations":[{"start":{"line":158,"column":24},"end":{"line":158,"column":45}},{"start":{"line":158,"column":49},"end":{"line":158,"column":58}}],"line":158},"12":{"loc":{"start":{"line":159,"column":18},"end":{"line":159,"column":46}},"type":"binary-expr","locations":[{"start":{"line":159,"column":18},"end":{"line":159,"column":33}},{"start":{"line":159,"column":37},"end":{"line":159,"column":46}}],"line":159},"13":{"loc":{"start":{"line":160,"column":21},"end":{"line":160,"column":52}},"type":"binary-expr","locations":[{"start":{"line":160,"column":21},"end":{"line":160,"column":39}},{"start":{"line":160,"column":43},"end":{"line":160,"column":52}}],"line":160},"14":{"loc":{"start":{"line":161,"column":21},"end":{"line":161,"column":52}},"type":"binary-expr","locations":[{"start":{"line":161,"column":21},"end":{"line":161,"column":39}},{"start":{"line":161,"column":43},"end":{"line":161,"column":52}}],"line":161},"15":{"loc":{"start":{"line":175,"column":4},"end":{"line":177,"column":5}},"type":"if","locations":[{"start":{"line":175,"column":4},"end":{"line":177,"column":5}},{"start":{},"end":{}}],"line":175},"16":{"loc":{"start":{"line":175,"column":8},"end":{"line":175,"column":34}},"type":"binary-expr","locations":[{"start":{"line":175,"column":8},"end":{"line":175,"column":21}},{"start":{"line":175,"column":25},"end":{"line":175,"column":34}}],"line":175},"17":{"loc":{"start":{"line":212,"column":4},"end":{"line":214,"column":5}},"type":"if","locations":[{"start":{"line":212,"column":4},"end":{"line":214,"column":5}},{"start":{},"end":{}}],"line":212},"18":{"loc":{"start":{"line":212,"column":8},"end":{"line":212,"column":36}},"type":"binary-expr","locations":[{"start":{"line":212,"column":8},"end":{"line":212,"column":20}},{"start":{"line":212,"column":24},"end":{"line":212,"column":36}}],"line":212},"19":{"loc":{"start":{"line":219,"column":4},"end":{"line":221,"column":5}},"type":"if","locations":[{"start":{"line":219,"column":4},"end":{"line":221,"column":5}},{"start":{},"end":{}}],"line":219},"20":{"loc":{"start":{"line":251,"column":4},"end":{"line":253,"column":5}},"type":"if","locations":[{"start":{"line":251,"column":4},"end":{"line":253,"column":5}},{"start":{},"end":{}}],"line":251},"21":{"loc":{"start":{"line":280,"column":4},"end":{"line":282,"column":5}},"type":"if","locations":[{"start":{"line":280,"column":4},"end":{"line":282,"column":5}},{"start":{},"end":{}}],"line":280},"22":{"loc":{"start":{"line":302,"column":4},"end":{"line":306,"column":5}},"type":"if","locations":[{"start":{"line":302,"column":4},"end":{"line":306,"column":5}},{"start":{},"end":{}}],"line":302},"23":{"loc":{"start":{"line":320,"column":4},"end":{"line":322,"column":5}},"type":"if","locations":[{"start":{"line":320,"column":4},"end":{"line":322,"column":5}},{"start":{},"end":{}}],"line":320},"24":{"loc":{"start":{"line":320,"column":8},"end":{"line":320,"column":45}},"type":"binary-expr","locations":[{"start":{"line":320,"column":8},"end":{"line":320,"column":25}},{"start":{"line":320,"column":29},"end":{"line":320,"column":45}}],"line":320},"25":{"loc":{"start":{"line":339,"column":4},"end":{"line":347,"column":5}},"type":"if","locations":[{"start":{"line":339,"column":4},"end":{"line":347,"column":5}},{"start":{},"end":{}}],"line":339}},"s":{"0":4,"1":4,"2":4,"3":4,"4":4,"5":4,"6":4,"7":4,"8":4,"9":4,"10":0,"11":0,"12":0,"13":0,"14":0,"15":0,"16":0,"17":0,"18":0,"19":0,"20":0,"21":0,"22":0,"23":0,"24":0,"25":0,"26":0,"27":0,"28":0,"29":0,"30":0,"31":0,"32":0,"33":4,"34":13,"35":13,"36":13,"37":2,"38":11,"39":11,"40":1,"41":10,"42":1,"43":9,"44":9,"45":8,"46":8,"47":9,"48":9,"49":9,"50":9,"51":9,"52":9,"53":9,"54":9,"55":9,"56":9,"57":4,"58":4,"59":3,"60":3,"61":3,"62":3,"63":1,"64":2,"65":2,"66":2,"67":2,"68":2,"69":1,"70":4,"71":3,"72":3,"73":3,"74":3,"75":3,"76":1,"77":2,"78":2,"79":1,"80":1,"81":1,"82":1,"83":1,"84":1,"85":1,"86":2,"87":4,"88":0,"89":0,"90":0,"91":0,"92":0,"93":0,"94":0,"95":0,"96":0,"97":0,"98":0,"99":0,"100":0,"101":0,"102":0,"103":0,"104":0,"105":0,"106":4,"107":0,"108":0,"109":0,"110":0,"111":0,"112":0,"113":0,"114":0,"115":0,"116":0,"117":0,"118":0,"119":0,"120":0,"121":0,"122":0,"123":0,"124":0,"125":0,"126":0,"127":0,"128":0,"129":4,"130":4,"131":4},"f":{"0":0,"1":13,"2":3,"3":3,"4":0,"5":0,"6":0,"7":0},"b":{"0":[0,0],"1":[0,0],"2":[0,0],"3":[0,0],"4":[2,11],"5":[13,12],"6":[1,10],"7":[1,9],"8":[8,1],"9":[9,9],"10":[9,9],"11":[9,9],"12":[9,9],"13":[9,9],"14":[9,9],"15":[1,2],"16":[3,2],"17":[1,2],"18":[3,2],"19":[1,1],"20":[0,0],"21":[0,0],"22":[0,0],"23":[0,0],"24":[0,0],"25":[0,0]},"_coverageSchema":"1a1c01bbd47fc00a2c39e90264f33305004495a9","hash":"2ffa9282dbd8ec255ec27bbc767b309741b5edda"}
,"/Users/clairecastanet/personal-projects/raglan-generator-be/api/controllers/patterns.js": {"path":"/Users/clairecastanet/personal-projects/raglan-generator-be/api/controllers/patterns.js","statementMap":{"0":{"start":{"line":1,"column":24},"end":{"line":1,"column":63}},"1":{"start":{"line":2,"column":13},"end":{"line":2,"column":39}},"2":{"start":{"line":3,"column":16},"end":{"line":3,"column":45}},"3":{"start":{"line":4,"column":32},"end":{"line":4,"column":67}},"4":{"start":{"line":5,"column":32},"end":{"line":5,"column":67}},"5":{"start":{"line":6,"column":22},"end":{"line":6,"column":51}},"6":{"start":{"line":8,"column":20},"end":{"line":85,"column":1}},"7":{"start":{"line":9,"column":14},"end":{"line":9,"column":24}},"8":{"start":{"line":25,"column":6},"end":{"line":25,"column":14}},"9":{"start":{"line":27,"column":2},"end":{"line":84,"column":3}},"10":{"start":{"line":29,"column":4},"end":{"line":31,"column":5}},"11":{"start":{"line":30,"column":6},"end":{"line":30,"column":72}},"12":{"start":{"line":33,"column":4},"end":{"line":35,"column":5}},"13":{"start":{"line":34,"column":6},"end":{"line":34,"column":72}},"14":{"start":{"line":37,"column":4},"end":{"line":39,"column":5}},"15":{"start":{"line":38,"column":6},"end":{"line":38,"column":74}},"16":{"start":{"line":41,"column":4},"end":{"line":46,"column":5}},"17":{"start":{"line":42,"column":6},"end":{"line":45,"column":8}},"18":{"start":{"line":48,"column":17},"end":{"line":48,"column":41}},"19":{"start":{"line":50,"column":4},"end":{"line":52,"column":5}},"20":{"start":{"line":51,"column":6},"end":{"line":51,"column":51}},"21":{"start":{"line":54,"column":20},"end":{"line":67,"column":6}},"22":{"start":{"line":69,"column":4},"end":{"line":69,"column":25}},"23":{"start":{"line":71,"column":18},"end":{"line":71,"column":42}},"24":{"start":{"line":73,"column":4},"end":{"line":77,"column":7}},"25":{"start":{"line":79,"column":4},"end":{"line":81,"column":77}},"26":{"start":{"line":83,"column":4},"end":{"line":83,"column":16}},"27":{"start":{"line":87,"column":23},"end":{"line":110,"column":1}},"28":{"start":{"line":88,"column":17},"end":{"line":88,"column":27}},"29":{"start":{"line":89,"column":24},"end":{"line":89,"column":34}},"30":{"start":{"line":91,"column":2},"end":{"line":109,"column":3}},"31":{"start":{"line":92,"column":20},"end":{"line":92,"column":53}},"32":{"start":{"line":94,"column":4},"end":{"line":96,"column":5}},"33":{"start":{"line":95,"column":6},"end":{"line":95,"column":59}},"34":{"start":{"line":98,"column":18},"end":{"line":98,"column":45}},"35":{"start":{"line":100,"column":4},"end":{"line":104,"column":7}},"36":{"start":{"line":106,"column":4},"end":{"line":106,"column":79}},"37":{"start":{"line":108,"column":4},"end":{"line":108,"column":16}},"38":{"start":{"line":112,"column":26},"end":{"line":130,"column":1}},"39":{"start":{"line":113,"column":17},"end":{"line":113,"column":27}},"40":{"start":{"line":115,"column":2},"end":{"line":129,"column":3}},"41":{"start":{"line":116,"column":21},"end":{"line":116,"column":57}},"42":{"start":{"line":118,"column":18},"end":{"line":118,"column":45}},"43":{"start":{"line":120,"column":4},"end":{"line":124,"column":7}},"44":{"start":{"line":126,"column":4},"end":{"line":126,"column":85}},"45":{"start":{"line":128,"column":4},"end":{"line":128,"column":16}},"46":{"start":{"line":132,"column":26},"end":{"line":155,"column":1}},"47":{"start":{"line":133,"column":24},"end":{"line":133,"column":34}},"48":{"start":{"line":134,"column":17},"end":{"line":134,"column":27}},"49":{"start":{"line":136,"column":2},"end":{"line":154,"column":3}},"50":{"start":{"line":137,"column":29},"end":{"line":137,"column":72}},"51":{"start":{"line":139,"column":18},"end":{"line":139,"column":45}},"52":{"start":{"line":141,"column":4},"end":{"line":145,"column":7}},"53":{"start":{"line":147,"column":4},"end":{"line":151,"column":5}},"54":{"start":{"line":148,"column":6},"end":{"line":148,"column":85}},"55":{"start":{"line":150,"column":6},"end":{"line":150,"column":54}},"56":{"start":{"line":153,"column":4},"end":{"line":153,"column":15}},"57":{"start":{"line":157,"column":0},"end":{"line":162,"column":2}}},"fnMap":{"0":{"name":"(anonymous_0)","decl":{"start":{"line":8,"column":20},"end":{"line":8,"column":21}},"loc":{"start":{"line":8,"column":46},"end":{"line":85,"column":1}},"line":8},"1":{"name":"(anonymous_1)","decl":{"start":{"line":87,"column":23},"end":{"line":87,"column":24}},"loc":{"start":{"line":87,"column":49},"end":{"line":110,"column":1}},"line":87},"2":{"name":"(anonymous_2)","decl":{"start":{"line":112,"column":26},"end":{"line":112,"column":27}},"loc":{"start":{"line":112,"column":52},"end":{"line":130,"column":1}},"line":112},"3":{"name":"(anonymous_3)","decl":{"start":{"line":132,"column":26},"end":{"line":132,"column":27}},"loc":{"start":{"line":132,"column":52},"end":{"line":155,"column":1}},"line":132}},"branchMap":{"0":{"loc":{"start":{"line":29,"column":4},"end":{"line":31,"column":5}},"type":"if","locations":[{"start":{"line":29,"column":4},"end":{"line":31,"column":5}},{"start":{},"end":{}}],"line":29},"1":{"loc":{"start":{"line":33,"column":4},"end":{"line":35,"column":5}},"type":"if","locations":[{"start":{"line":33,"column":4},"end":{"line":35,"column":5}},{"start":{},"end":{}}],"line":33},"2":{"loc":{"start":{"line":37,"column":4},"end":{"line":39,"column":5}},"type":"if","locations":[{"start":{"line":37,"column":4},"end":{"line":39,"column":5}},{"start":{},"end":{}}],"line":37},"3":{"loc":{"start":{"line":41,"column":4},"end":{"line":46,"column":5}},"type":"if","locations":[{"start":{"line":41,"column":4},"end":{"line":46,"column":5}},{"start":{},"end":{}}],"line":41},"4":{"loc":{"start":{"line":50,"column":4},"end":{"line":52,"column":5}},"type":"if","locations":[{"start":{"line":50,"column":4},"end":{"line":52,"column":5}},{"start":{},"end":{}}],"line":50},"5":{"loc":{"start":{"line":94,"column":4},"end":{"line":96,"column":5}},"type":"if","locations":[{"start":{"line":94,"column":4},"end":{"line":96,"column":5}},{"start":{},"end":{}}],"line":94},"6":{"loc":{"start":{"line":147,"column":4},"end":{"line":151,"column":5}},"type":"if","locations":[{"start":{"line":147,"column":4},"end":{"line":151,"column":5}},{"start":{"line":149,"column":11},"end":{"line":151,"column":5}}],"line":147}},"s":{"0":4,"1":4,"2":4,"3":4,"4":4,"5":4,"6":4,"7":12,"8":12,"9":12,"10":12,"11":1,"12":11,"13":1,"14":10,"15":1,"16":9,"17":7,"18":2,"19":2,"20":1,"21":1,"22":1,"23":1,"24":1,"25":1,"26":11,"27":4,"28":3,"29":3,"30":3,"31":3,"32":2,"33":1,"34":1,"35":1,"36":1,"37":2,"38":4,"39":2,"40":2,"41":2,"42":2,"43":2,"44":2,"45":0,"46":4,"47":2,"48":2,"49":2,"50":2,"51":2,"52":2,"53":2,"54":1,"55":1,"56":1,"57":4},"f":{"0":12,"1":3,"2":2,"3":2},"b":{"0":[1,11],"1":[1,10],"2":[1,9],"3":[7,2],"4":[1,1],"5":[1,1],"6":[1,1]},"_coverageSchema":"1a1c01bbd47fc00a2c39e90264f33305004495a9","hash":"f90f63b608625a2d47fd0ba1a5b3dcde36173b1c"}
,"/Users/clairecastanet/personal-projects/raglan-generator-be/api/controllers/users.js": {"path":"/Users/clairecastanet/personal-projects/raglan-generator-be/api/controllers/users.js","statementMap":{"0":{"start":{"line":1,"column":13},"end":{"line":1,"column":39}},"1":{"start":{"line":2,"column":16},"end":{"line":2,"column":45}},"2":{"start":{"line":4,"column":24},"end":{"line":4,"column":63}},"3":{"start":{"line":6,"column":32},"end":{"line":6,"column":67}},"4":{"start":{"line":7,"column":25},"end":{"line":7,"column":58}},"5":{"start":{"line":8,"column":72},"end":{"line":8,"column":107}},"6":{"start":{"line":9,"column":22},"end":{"line":9,"column":51}},"7":{"start":{"line":11,"column":0},"end":{"line":42,"column":1}},"8":{"start":{"line":12,"column":4},"end":{"line":41,"column":5}},"9":{"start":{"line":13,"column":23},"end":{"line":13,"column":33}},"10":{"start":{"line":15,"column":8},"end":{"line":17,"column":9}},"11":{"start":{"line":16,"column":12},"end":{"line":16,"column":66}},"12":{"start":{"line":19,"column":21},"end":{"line":19,"column":56}},"13":{"start":{"line":21,"column":8},"end":{"line":23,"column":9}},"14":{"start":{"line":22,"column":10},"end":{"line":22,"column":55}},"15":{"start":{"line":25,"column":22},"end":{"line":25,"column":49}},"16":{"start":{"line":27,"column":8},"end":{"line":31,"column":11}},"17":{"start":{"line":33,"column":29},"end":{"line":33,"column":49}},"18":{"start":{"line":35,"column":8},"end":{"line":37,"column":34}},"19":{"start":{"line":40,"column":8},"end":{"line":40,"column":20}},"20":{"start":{"line":44,"column":0},"end":{"line":74,"column":2}},"21":{"start":{"line":45,"column":42},"end":{"line":45,"column":50}},"22":{"start":{"line":47,"column":4},"end":{"line":73,"column":5}},"23":{"start":{"line":48,"column":8},"end":{"line":50,"column":9}},"24":{"start":{"line":49,"column":12},"end":{"line":49,"column":76}},"25":{"start":{"line":52,"column":8},"end":{"line":54,"column":9}},"26":{"start":{"line":53,"column":12},"end":{"line":53,"column":82}},"27":{"start":{"line":56,"column":8},"end":{"line":58,"column":9}},"28":{"start":{"line":57,"column":13},"end":{"line":57,"column":72}},"29":{"start":{"line":60,"column":31},"end":{"line":60,"column":59}},"30":{"start":{"line":62,"column":21},"end":{"line":66,"column":10}},"31":{"start":{"line":68,"column":8},"end":{"line":68,"column":26}},"32":{"start":{"line":70,"column":8},"end":{"line":70,"column":79}},"33":{"start":{"line":72,"column":8},"end":{"line":72,"column":19}},"34":{"start":{"line":76,"column":0},"end":{"line":134,"column":2}},"35":{"start":{"line":77,"column":16},"end":{"line":77,"column":26}},"36":{"start":{"line":91,"column":8},"end":{"line":91,"column":16}},"37":{"start":{"line":93,"column":4},"end":{"line":133,"column":5}},"38":{"start":{"line":94,"column":8},"end":{"line":96,"column":9}},"39":{"start":{"line":95,"column":10},"end":{"line":95,"column":72}},"40":{"start":{"line":98,"column":27},"end":{"line":110,"column":9}},"41":{"start":{"line":112,"column":8},"end":{"line":117,"column":9}},"42":{"start":{"line":113,"column":12},"end":{"line":116,"column":14}},"43":{"start":{"line":119,"column":22},"end":{"line":119,"column":46}},"44":{"start":{"line":121,"column":8},"end":{"line":125,"column":11}},"45":{"start":{"line":127,"column":28},"end":{"line":127,"column":56}},"46":{"start":{"line":129,"column":8},"end":{"line":129,"column":100}},"47":{"start":{"line":132,"column":8},"end":{"line":132,"column":20}},"48":{"start":{"line":136,"column":0},"end":{"line":162,"column":1}},"49":{"start":{"line":137,"column":4},"end":{"line":161,"column":5}},"50":{"start":{"line":138,"column":23},"end":{"line":138,"column":33}},"51":{"start":{"line":140,"column":8},"end":{"line":142,"column":9}},"52":{"start":{"line":141,"column":12},"end":{"line":141,"column":66}},"53":{"start":{"line":144,"column":30},"end":{"line":144,"column":67}},"54":{"start":{"line":145,"column":35},"end":{"line":145,"column":77}},"55":{"start":{"line":146,"column":8},"end":{"line":146,"column":62}},"56":{"start":{"line":148,"column":8},"end":{"line":152,"column":9}},"57":{"start":{"line":149,"column":12},"end":{"line":149,"column":75}},"58":{"start":{"line":151,"column":12},"end":{"line":151,"column":81}},"59":{"start":{"line":154,"column":8},"end":{"line":157,"column":11}},"60":{"start":{"line":160,"column":8},"end":{"line":160,"column":20}}},"fnMap":{"0":{"name":"(anonymous_0)","decl":{"start":{"line":11,"column":26},"end":{"line":11,"column":27}},"loc":{"start":{"line":11,"column":52},"end":{"line":42,"column":1}},"line":11},"1":{"name":"(anonymous_1)","decl":{"start":{"line":44,"column":21},"end":{"line":44,"column":22}},"loc":{"start":{"line":44,"column":47},"end":{"line":74,"column":1}},"line":44},"2":{"name":"(anonymous_2)","decl":{"start":{"line":76,"column":21},"end":{"line":76,"column":22}},"loc":{"start":{"line":76,"column":47},"end":{"line":134,"column":1}},"line":76},"3":{"name":"(anonymous_3)","decl":{"start":{"line":136,"column":28},"end":{"line":136,"column":29}},"loc":{"start":{"line":136,"column":54},"end":{"line":162,"column":1}},"line":136}},"branchMap":{"0":{"loc":{"start":{"line":15,"column":8},"end":{"line":17,"column":9}},"type":"if","locations":[{"start":{"line":15,"column":8},"end":{"line":17,"column":9}},{"start":{},"end":{}}],"line":15},"1":{"loc":{"start":{"line":21,"column":8},"end":{"line":23,"column":9}},"type":"if","locations":[{"start":{"line":21,"column":8},"end":{"line":23,"column":9}},{"start":{},"end":{}}],"line":21},"2":{"loc":{"start":{"line":48,"column":8},"end":{"line":50,"column":9}},"type":"if","locations":[{"start":{"line":48,"column":8},"end":{"line":50,"column":9}},{"start":{},"end":{}}],"line":48},"3":{"loc":{"start":{"line":52,"column":8},"end":{"line":54,"column":9}},"type":"if","locations":[{"start":{"line":52,"column":8},"end":{"line":54,"column":9}},{"start":{},"end":{}}],"line":52},"4":{"loc":{"start":{"line":56,"column":8},"end":{"line":58,"column":9}},"type":"if","locations":[{"start":{"line":56,"column":8},"end":{"line":58,"column":9}},{"start":{},"end":{}}],"line":56},"5":{"loc":{"start":{"line":94,"column":8},"end":{"line":96,"column":9}},"type":"if","locations":[{"start":{"line":94,"column":8},"end":{"line":96,"column":9}},{"start":{},"end":{}}],"line":94},"6":{"loc":{"start":{"line":112,"column":8},"end":{"line":117,"column":9}},"type":"if","locations":[{"start":{"line":112,"column":8},"end":{"line":117,"column":9}},{"start":{},"end":{}}],"line":112},"7":{"loc":{"start":{"line":140,"column":8},"end":{"line":142,"column":9}},"type":"if","locations":[{"start":{"line":140,"column":8},"end":{"line":142,"column":9}},{"start":{},"end":{}}],"line":140},"8":{"loc":{"start":{"line":148,"column":8},"end":{"line":152,"column":9}},"type":"if","locations":[{"start":{"line":148,"column":8},"end":{"line":152,"column":9}},{"start":{"line":150,"column":15},"end":{"line":152,"column":9}}],"line":148}},"s":{"0":4,"1":4,"2":4,"3":4,"4":4,"5":4,"6":4,"7":4,"8":2,"9":2,"10":2,"11":0,"12":2,"13":2,"14":1,"15":1,"16":1,"17":1,"18":1,"19":1,"20":4,"21":8,"22":8,"23":8,"24":1,"25":7,"26":1,"27":6,"28":1,"29":5,"30":5,"31":5,"32":4,"33":4,"34":4,"35":4,"36":4,"37":4,"38":4,"39":1,"40":3,"41":3,"42":1,"43":2,"44":2,"45":2,"46":2,"47":2,"48":4,"49":1,"50":1,"51":1,"52":0,"53":1,"54":1,"55":1,"56":1,"57":1,"58":0,"59":1,"60":1},"f":{"0":2,"1":8,"2":4,"3":1},"b":{"0":[0,2],"1":[1,1],"2":[1,7],"3":[1,6],"4":[1,5],"5":[1,3],"6":[1,2],"7":[0,1],"8":[1,0]},"_coverageSchema":"1a1c01bbd47fc00a2c39e90264f33305004495a9","hash":"c0615051255c90bf7229dbe6c298dea3727633be"}
,"/Users/clairecastanet/personal-projects/raglan-generator-be/api/db/db_connection.js": {"path":"/Users/clairecastanet/personal-projects/raglan-generator-be/api/db/db_connection.js","statementMap":{"0":{"start":{"line":1,"column":17},"end":{"line":1,"column":36}},"1":{"start":{"line":3,"column":26},"end":{"line":18,"column":1}},"2":{"start":{"line":4,"column":21},"end":{"line":4,"column":44}},"3":{"start":{"line":6,"column":2},"end":{"line":11,"column":3}},"4":{"start":{"line":7,"column":4},"end":{"line":9,"column":6}},"5":{"start":{"line":10,"column":4},"end":{"line":10,"column":53}},"6":{"start":{"line":13,"column":2},"end":{"line":13,"column":37}},"7":{"start":{"line":15,"column":2},"end":{"line":17,"column":3}},"8":{"start":{"line":16,"column":4},"end":{"line":16,"column":53}},"9":{"start":{"line":20,"column":0},"end":{"line":20,"column":39}}},"fnMap":{"0":{"name":"(anonymous_0)","decl":{"start":{"line":3,"column":26},"end":{"line":3,"column":27}},"loc":{"start":{"line":3,"column":38},"end":{"line":18,"column":1}},"line":3}},"branchMap":{"0":{"loc":{"start":{"line":6,"column":2},"end":{"line":11,"column":3}},"type":"if","locations":[{"start":{"line":6,"column":2},"end":{"line":11,"column":3}},{"start":{},"end":{}}],"line":6},"1":{"loc":{"start":{"line":15,"column":2},"end":{"line":17,"column":3}},"type":"if","locations":[{"start":{"line":15,"column":2},"end":{"line":17,"column":3}},{"start":{},"end":{}}],"line":15}},"s":{"0":4,"1":4,"2":4,"3":4,"4":0,"5":0,"6":4,"7":4,"8":0,"9":4},"f":{"0":4},"b":{"0":[0,4],"1":[0,4]},"_coverageSchema":"1a1c01bbd47fc00a2c39e90264f33305004495a9","hash":"7d644f643d5b4b587963e66431a41e169a68c5a2"}
,"/Users/clairecastanet/personal-projects/raglan-generator-be/api/errorHandling/customError.js": {"path":"/Users/clairecastanet/personal-projects/raglan-generator-be/api/errorHandling/customError.js","statementMap":{"0":{"start":{"line":3,"column":4},"end":{"line":3,"column":19}},"1":{"start":{"line":4,"column":4},"end":{"line":4,"column":25}},"2":{"start":{"line":8,"column":0},"end":{"line":8,"column":31}}},"fnMap":{"0":{"name":"(anonymous_0)","decl":{"start":{"line":2,"column":2},"end":{"line":2,"column":3}},"loc":{"start":{"line":2,"column":31},"end":{"line":5,"column":3}},"line":2}},"branchMap":{},"s":{"0":35,"1":35,"2":4},"f":{"0":35},"b":{},"_coverageSchema":"1a1c01bbd47fc00a2c39e90264f33305004495a9","hash":"b6ff74aa32a77c48fa6737e2ad1a27cff73be3c2"}
,"/Users/clairecastanet/personal-projects/raglan-generator-be/api/errorHandling/errorHandlers.js": {"path":"/Users/clairecastanet/personal-projects/raglan-generator-be/api/errorHandling/errorHandlers.js","statementMap":{"0":{"start":{"line":1,"column":0},"end":{"line":11,"column":2}},"1":{"start":{"line":2,"column":2},"end":{"line":10,"column":3}},"2":{"start":{"line":3,"column":4},"end":{"line":3,"column":66}},"3":{"start":{"line":4,"column":9},"end":{"line":10,"column":3}},"4":{"start":{"line":5,"column":4},"end":{"line":5,"column":74}},"5":{"start":{"line":6,"column":9},"end":{"line":10,"column":3}},"6":{"start":{"line":7,"column":4},"end":{"line":7,"column":58}},"7":{"start":{"line":9,"column":4},"end":{"line":9,"column":14}},"8":{"start":{"line":14,"column":0},"end":{"line":16,"column":2}},"9":{"start":{"line":15,"column":2},"end":{"line":15,"column":71}},"10":{"start":{"line":19,"column":0},"end":{"line":24,"column":2}},"11":{"start":{"line":20,"column":2},"end":{"line":23,"column":5}},"12":{"start":{"line":27,"column":0},"end":{"line":33,"column":2}},"13":{"start":{"line":28,"column":2},"end":{"line":32,"column":7}}},"fnMap":{"0":{"name":"(anonymous_0)","decl":{"start":{"line":1,"column":29},"end":{"line":1,"column":30}},"loc":{"start":{"line":1,"column":54},"end":{"line":11,"column":1}},"line":1},"1":{"name":"(anonymous_1)","decl":{"start":{"line":14,"column":29},"end":{"line":14,"column":30}},"loc":{"start":{"line":14,"column":54},"end":{"line":16,"column":1}},"line":14},"2":{"name":"(anonymous_2)","decl":{"start":{"line":19,"column":28},"end":{"line":19,"column":29}},"loc":{"start":{"line":19,"column":48},"end":{"line":24,"column":1}},"line":19},"3":{"name":"(anonymous_3)","decl":{"start":{"line":27,"column":30},"end":{"line":27,"column":31}},"loc":{"start":{"line":27,"column":50},"end":{"line":33,"column":1}},"line":27}},"branchMap":{"0":{"loc":{"start":{"line":2,"column":2},"end":{"line":10,"column":3}},"type":"if","locations":[{"start":{"line":2,"column":2},"end":{"line":10,"column":3}},{"start":{"line":4,"column":9},"end":{"line":10,"column":3}}],"line":2},"1":{"loc":{"start":{"line":4,"column":9},"end":{"line":10,"column":3}},"type":"if","locations":[{"start":{"line":4,"column":9},"end":{"line":10,"column":3}},{"start":{"line":6,"column":9},"end":{"line":10,"column":3}}],"line":4},"2":{"loc":{"start":{"line":6,"column":9},"end":{"line":10,"column":3}},"type":"if","locations":[{"start":{"line":6,"column":9},"end":{"line":10,"column":3}},{"start":{"line":8,"column":10},"end":{"line":10,"column":3}}],"line":6}},"s":{"0":4,"1":38,"2":1,"3":37,"4":1,"5":36,"6":36,"7":0,"8":4,"9":0,"10":4,"11":1,"12":4,"13":1},"f":{"0":38,"1":0,"2":1,"3":1},"b":{"0":[1,37],"1":[1,36],"2":[36,0]},"_coverageSchema":"1a1c01bbd47fc00a2c39e90264f33305004495a9","hash":"c9351ccc20d80012a748c1b9e4276ae15f2ebdeb"}
,"/Users/clairecastanet/personal-projects/raglan-generator-be/api/middleware/authResetChecker.js": {"path":"/Users/clairecastanet/personal-projects/raglan-generator-be/api/middleware/authResetChecker.js","statementMap":{"0":{"start":{"line":4,"column":25},"end":{"line":6,"column":1}},"1":{"start":{"line":8,"column":0},"end":{"line":8,"column":34}}},"fnMap":{"0":{"name":"(anonymous_0)","decl":{"start":{"line":4,"column":25},"end":{"line":4,"column":26}},"loc":{"start":{"line":4,"column":31},"end":{"line":6,"column":1}},"line":4}},"branchMap":{},"s":{"0":4,"1":4},"f":{"0":0},"b":{},"_coverageSchema":"1a1c01bbd47fc00a2c39e90264f33305004495a9","hash":"7cb9a4f13a653658ae055d17729d9920d7a9b505"}
,"/Users/clairecastanet/personal-projects/raglan-generator-be/api/middleware/tokenChecker.js": {"path":"/Users/clairecastanet/personal-projects/raglan-generator-be/api/middleware/tokenChecker.js","statementMap":{"0":{"start":{"line":1,"column":12},"end":{"line":1,"column":35}},"1":{"start":{"line":2,"column":24},"end":{"line":2,"column":63}},"2":{"start":{"line":4,"column":21},"end":{"line":16,"column":1}},"3":{"start":{"line":5,"column":2},"end":{"line":15,"column":3}},"4":{"start":{"line":6,"column":18},"end":{"line":6,"column":43}},"5":{"start":{"line":8,"column":20},"end":{"line":8,"column":61}},"6":{"start":{"line":9,"column":4},"end":{"line":9,"column":33}},"7":{"start":{"line":10,"column":4},"end":{"line":10,"column":11}},"8":{"start":{"line":13,"column":18},"end":{"line":13,"column":65}},"9":{"start":{"line":14,"column":4},"end":{"line":14,"column":16}},"10":{"start":{"line":18,"column":0},"end":{"line":18,"column":30}}},"fnMap":{"0":{"name":"(anonymous_0)","decl":{"start":{"line":4,"column":21},"end":{"line":4,"column":22}},"loc":{"start":{"line":4,"column":41},"end":{"line":16,"column":1}},"line":4}},"branchMap":{},"s":{"0":4,"1":4,"2":4,"3":41,"4":41,"5":41,"6":32,"7":32,"8":9,"9":9,"10":4},"f":{"0":41},"b":{},"_coverageSchema":"1a1c01bbd47fc00a2c39e90264f33305004495a9","hash":"3dcde544d8482bde12c7bd572e4569143245fb89"}
,"/Users/clairecastanet/personal-projects/raglan-generator-be/api/models/Patterns.js": {"path":"/Users/clairecastanet/personal-projects/raglan-generator-be/api/models/Patterns.js","statementMap":{"0":{"start":{"line":1,"column":17},"end":{"line":1,"column":36}},"1":{"start":{"line":4,"column":22},"end":{"line":30,"column":2}},"2":{"start":{"line":32,"column":16},"end":{"line":32,"column":56}},"3":{"start":{"line":34,"column":0},"end":{"line":34,"column":25}}},"fnMap":{},"branchMap":{},"s":{"0":4,"1":4,"2":4,"3":4},"f":{},"b":{},"_coverageSchema":"1a1c01bbd47fc00a2c39e90264f33305004495a9","hash":"5199e3c1f62ab6fd0e38dfc81ab6381bc46720aa"}
,"/Users/clairecastanet/personal-projects/raglan-generator-be/api/models/RefreshToken.js": {"path":"/Users/clairecastanet/personal-projects/raglan-generator-be/api/models/RefreshToken.js","statementMap":{"0":{"start":{"line":1,"column":17},"end":{"line":1,"column":36}},"1":{"start":{"line":2,"column":22},"end":{"line":2,"column":51}},"2":{"start":{"line":4,"column":27},"end":{"line":24,"column":2}},"3":{"start":{"line":21,"column":19},"end":{"line":21,"column":53}},"4":{"start":{"line":26,"column":0},"end":{"line":26,"column":70}},"5":{"start":{"line":28,"column":21},"end":{"line":28,"column":71}},"6":{"start":{"line":30,"column":0},"end":{"line":30,"column":30}}},"fnMap":{"0":{"name":"(anonymous_0)","decl":{"start":{"line":21,"column":13},"end":{"line":21,"column":14}},"loc":{"start":{"line":21,"column":19},"end":{"line":21,"column":53}},"line":21}},"branchMap":{},"s":{"0":4,"1":4,"2":4,"3":9,"4":4,"5":4,"6":4},"f":{"0":9},"b":{},"_coverageSchema":"1a1c01bbd47fc00a2c39e90264f33305004495a9","hash":"4c44781a9a0366cffb6033ab6ede8b3738e36269"}
,"/Users/clairecastanet/personal-projects/raglan-generator-be/api/models/ResetToken.js": {"path":"/Users/clairecastanet/personal-projects/raglan-generator-be/api/models/ResetToken.js","statementMap":{"0":{"start":{"line":1,"column":17},"end":{"line":1,"column":36}},"1":{"start":{"line":2,"column":22},"end":{"line":2,"column":51}},"2":{"start":{"line":4,"column":25},"end":{"line":23,"column":2}},"3":{"start":{"line":20,"column":19},"end":{"line":20,"column":56}},"4":{"start":{"line":25,"column":0},"end":{"line":25,"column":68}},"5":{"start":{"line":27,"column":19},"end":{"line":27,"column":65}},"6":{"start":{"line":29,"column":0},"end":{"line":29,"column":28}}},"fnMap":{"0":{"name":"(anonymous_0)","decl":{"start":{"line":20,"column":13},"end":{"line":20,"column":14}},"loc":{"start":{"line":20,"column":19},"end":{"line":20,"column":56}},"line":20}},"branchMap":{},"s":{"0":4,"1":4,"2":4,"3":0,"4":4,"5":4,"6":4},"f":{"0":0},"b":{},"_coverageSchema":"1a1c01bbd47fc00a2c39e90264f33305004495a9","hash":"50fa071f745506ada23baa7e5882ef58b21103c6"}
,"/Users/clairecastanet/personal-projects/raglan-generator-be/api/models/Users.js": {"path":"/Users/clairecastanet/personal-projects/raglan-generator-be/api/models/Users.js","statementMap":{"0":{"start":{"line":1,"column":17},"end":{"line":1,"column":36}},"1":{"start":{"line":3,"column":19},"end":{"line":23,"column":2}},"2":{"start":{"line":25,"column":13},"end":{"line":25,"column":47}},"3":{"start":{"line":27,"column":0},"end":{"line":27,"column":22}}},"fnMap":{},"branchMap":{},"s":{"0":5,"1":5,"2":5,"3":5},"f":{},"b":{},"_coverageSchema":"1a1c01bbd47fc00a2c39e90264f33305004495a9","hash":"ce29393665cd641b044d96b74460726eb7705e60"}
,"/Users/clairecastanet/personal-projects/raglan-generator-be/api/routers/apiRouter.js": {"path":"/Users/clairecastanet/personal-projects/raglan-generator-be/api/routers/apiRouter.js","statementMap":{"0":{"start":{"line":1,"column":16},"end":{"line":1,"column":34}},"1":{"start":{"line":2,"column":18},"end":{"line":2,"column":34}},"2":{"start":{"line":3,"column":19},"end":{"line":3,"column":43}},"3":{"start":{"line":4,"column":19},"end":{"line":4,"column":42}},"4":{"start":{"line":5,"column":23},"end":{"line":5,"column":50}},"5":{"start":{"line":6,"column":27},"end":{"line":6,"column":67}},"6":{"start":{"line":8,"column":0},"end":{"line":8,"column":50}},"7":{"start":{"line":10,"column":0},"end":{"line":10,"column":36}},"8":{"start":{"line":11,"column":0},"end":{"line":11,"column":45}},"9":{"start":{"line":12,"column":0},"end":{"line":12,"column":43}},"10":{"start":{"line":15,"column":0},"end":{"line":15,"column":27}}},"fnMap":{},"branchMap":{},"s":{"0":4,"1":4,"2":4,"3":4,"4":4,"5":4,"6":4,"7":4,"8":4,"9":4,"10":4},"f":{},"b":{},"_coverageSchema":"1a1c01bbd47fc00a2c39e90264f33305004495a9","hash":"0023df40e7a43a6319b37b9e271a1bc1f8cbb395"}
,"/Users/clairecastanet/personal-projects/raglan-generator-be/api/routers/authRouter.js": {"path":"/Users/clairecastanet/personal-projects/raglan-generator-be/api/routers/authRouter.js","statementMap":{"0":{"start":{"line":1,"column":16},"end":{"line":1,"column":34}},"1":{"start":{"line":2,"column":19},"end":{"line":2,"column":35}},"2":{"start":{"line":8,"column":4},"end":{"line":8,"column":44}},"3":{"start":{"line":9,"column":21},"end":{"line":9,"column":58}},"4":{"start":{"line":10,"column":25},"end":{"line":10,"column":66}},"5":{"start":{"line":11,"column":32},"end":{"line":11,"column":73}},"6":{"start":{"line":13,"column":0},"end":{"line":13,"column":33}},"7":{"start":{"line":14,"column":0},"end":{"line":14,"column":61}},"8":{"start":{"line":15,"column":0},"end":{"line":15,"column":96}},"9":{"start":{"line":18,"column":0},"end":{"line":18,"column":105}},"10":{"start":{"line":20,"column":0},"end":{"line":20,"column":41}},"11":{"start":{"line":22,"column":0},"end":{"line":22,"column":28}}},"fnMap":{},"branchMap":{},"s":{"0":4,"1":4,"2":4,"3":4,"4":4,"5":4,"6":4,"7":4,"8":4,"9":4,"10":4,"11":4},"f":{},"b":{},"_coverageSchema":"1a1c01bbd47fc00a2c39e90264f33305004495a9","hash":"4f6e6fcaf84636faa8ae6eae107ff58bfcccbf64"}
,"/Users/clairecastanet/personal-projects/raglan-generator-be/api/routers/patternsRouter.js": {"path":"/Users/clairecastanet/personal-projects/raglan-generator-be/api/routers/patternsRouter.js","statementMap":{"0":{"start":{"line":1,"column":16},"end":{"line":1,"column":34}},"1":{"start":{"line":2,"column":22},"end":{"line":2,"column":38}},"2":{"start":{"line":3,"column":21},"end":{"line":3,"column":58}},"3":{"start":{"line":4,"column":32},"end":{"line":4,"column":73}},"4":{"start":{"line":10,"column":4},"end":{"line":10,"column":38}},"5":{"start":{"line":13,"column":0},"end":{"line":13,"column":51}},"6":{"start":{"line":14,"column":0},"end":{"line":14,"column":67}},"7":{"start":{"line":15,"column":0},"end":{"line":15,"column":63}},"8":{"start":{"line":16,"column":0},"end":{"line":16,"column":69}},"9":{"start":{"line":18,"column":0},"end":{"line":18,"column":44}},"10":{"start":{"line":20,"column":0},"end":{"line":20,"column":31}}},"fnMap":{},"branchMap":{},"s":{"0":4,"1":4,"2":4,"3":4,"4":4,"5":4,"6":4,"7":4,"8":4,"9":4,"10":4},"f":{},"b":{},"_coverageSchema":"1a1c01bbd47fc00a2c39e90264f33305004495a9","hash":"cdfe01e1f1cda80048892a9bacd79716bb80291d"}
,"/Users/clairecastanet/personal-projects/raglan-generator-be/api/routers/usersRouter.js": {"path":"/Users/clairecastanet/personal-projects/raglan-generator-be/api/routers/usersRouter.js","statementMap":{"0":{"start":{"line":1,"column":16},"end":{"line":1,"column":34}},"1":{"start":{"line":2,"column":19},"end":{"line":2,"column":35}},"2":{"start":{"line":3,"column":21},"end":{"line":3,"column":58}},"3":{"start":{"line":4,"column":71},"end":{"line":4,"column":102}},"4":{"start":{"line":5,"column":32},"end":{"line":5,"column":73}},"5":{"start":{"line":8,"column":0},"end":{"line":8,"column":33}},"6":{"start":{"line":9,"column":0},"end":{"line":9,"column":53}},"7":{"start":{"line":10,"column":0},"end":{"line":10,"column":48}},"8":{"start":{"line":11,"column":0},"end":{"line":11,"column":58}},"9":{"start":{"line":13,"column":0},"end":{"line":13,"column":41}},"10":{"start":{"line":15,"column":0},"end":{"line":15,"column":28}}},"fnMap":{},"branchMap":{},"s":{"0":4,"1":4,"2":4,"3":4,"4":4,"5":4,"6":4,"7":4,"8":4,"9":4,"10":4},"f":{},"b":{},"_coverageSchema":"1a1c01bbd47fc00a2c39e90264f33305004495a9","hash":"20161a3c74b2687930f1fb78f936d1b487947086"}
,"/Users/clairecastanet/personal-projects/raglan-generator-be/api/utils/constants.js": {"path":"/Users/clairecastanet/personal-projects/raglan-generator-be/api/utils/constants.js","statementMap":{"0":{"start":{"line":1,"column":18},"end":{"line":6,"column":1}},"1":{"start":{"line":8,"column":0},"end":{"line":8,"column":30}}},"fnMap":{},"branchMap":{},"s":{"0":4,"1":4},"f":{},"b":{},"_coverageSchema":"1a1c01bbd47fc00a2c39e90264f33305004495a9","hash":"4b24f7f16b260f1a1187e84c60ef4c84d435f5a2"}
,"/Users/clairecastanet/personal-projects/raglan-generator-be/api/utils/data_validation.js": {"path":"/Users/clairecastanet/personal-projects/raglan-generator-be/api/utils/data_validation.js","statementMap":{"0":{"start":{"line":1,"column":13},"end":{"line":1,"column":39}},"1":{"start":{"line":3,"column":0},"end":{"line":7,"column":2}},"2":{"start":{"line":4,"column":17},"end":{"line":4,"column":49}},"3":{"start":{"line":6,"column":4},"end":{"line":6,"column":16}},"4":{"start":{"line":9,"column":0},"end":{"line":13,"column":2}},"5":{"start":{"line":10,"column":17},"end":{"line":10,"column":46}},"6":{"start":{"line":12,"column":4},"end":{"line":12,"column":16}},"7":{"start":{"line":15,"column":0},"end":{"line":28,"column":2}},"8":{"start":{"line":16,"column":23},"end":{"line":25,"column":3}},"9":{"start":{"line":27,"column":2},"end":{"line":27,"column":22}},"10":{"start":{"line":30,"column":0},"end":{"line":76,"column":2}},"11":{"start":{"line":31,"column":28},"end":{"line":31,"column":39}},"12":{"start":{"line":33,"column":25},"end":{"line":56,"column":5}},"13":{"start":{"line":58,"column":27},"end":{"line":58,"column":52}},"14":{"start":{"line":61,"column":4},"end":{"line":63,"column":5}},"15":{"start":{"line":62,"column":8},"end":{"line":62,"column":21}},"16":{"start":{"line":65,"column":37},"end":{"line":69,"column":6}},"17":{"start":{"line":66,"column":35},"end":{"line":66,"column":53}},"18":{"start":{"line":68,"column":8},"end":{"line":68,"column":105}},"19":{"start":{"line":71,"column":4},"end":{"line":73,"column":5}},"20":{"start":{"line":72,"column":6},"end":{"line":72,"column":19}},"21":{"start":{"line":75,"column":4},"end":{"line":75,"column":16}}},"fnMap":{"0":{"name":"(anonymous_0)","decl":{"start":{"line":3,"column":33},"end":{"line":3,"column":34}},"loc":{"start":{"line":3,"column":53},"end":{"line":7,"column":1}},"line":3},"1":{"name":"(anonymous_1)","decl":{"start":{"line":9,"column":30},"end":{"line":9,"column":31}},"loc":{"start":{"line":9,"column":47},"end":{"line":13,"column":1}},"line":9},"2":{"name":"(anonymous_2)","decl":{"start":{"line":15,"column":25},"end":{"line":15,"column":26}},"loc":{"start":{"line":15,"column":35},"end":{"line":28,"column":1}},"line":15},"3":{"name":"(anonymous_3)","decl":{"start":{"line":30,"column":30},"end":{"line":30,"column":31}},"loc":{"start":{"line":30,"column":47},"end":{"line":76,"column":1}},"line":30},"4":{"name":"(anonymous_4)","decl":{"start":{"line":65,"column":59},"end":{"line":65,"column":60}},"loc":{"start":{"line":65,"column":70},"end":{"line":69,"column":5}},"line":65}},"branchMap":{"0":{"loc":{"start":{"line":19,"column":24},"end":{"line":19,"column":60}},"type":"binary-expr","locations":[{"start":{"line":19,"column":24},"end":{"line":19,"column":47}},{"start":{"line":19,"column":51},"end":{"line":19,"column":60}}],"line":19},"1":{"loc":{"start":{"line":20,"column":15},"end":{"line":20,"column":42}},"type":"binary-expr","locations":[{"start":{"line":20,"column":15},"end":{"line":20,"column":29}},{"start":{"line":20,"column":33},"end":{"line":20,"column":42}}],"line":20},"2":{"loc":{"start":{"line":21,"column":22},"end":{"line":21,"column":56}},"type":"binary-expr","locations":[{"start":{"line":21,"column":22},"end":{"line":21,"column":43}},{"start":{"line":21,"column":47},"end":{"line":21,"column":56}}],"line":21},"3":{"loc":{"start":{"line":22,"column":16},"end":{"line":22,"column":44}},"type":"binary-expr","locations":[{"start":{"line":22,"column":16},"end":{"line":22,"column":31}},{"start":{"line":22,"column":35},"end":{"line":22,"column":44}}],"line":22},"4":{"loc":{"start":{"line":23,"column":19},"end":{"line":23,"column":50}},"type":"binary-expr","locations":[{"start":{"line":23,"column":19},"end":{"line":23,"column":37}},{"start":{"line":23,"column":41},"end":{"line":23,"column":50}}],"line":23},"5":{"loc":{"start":{"line":24,"column":19},"end":{"line":24,"column":50}},"type":"binary-expr","locations":[{"start":{"line":24,"column":19},"end":{"line":24,"column":37}},{"start":{"line":24,"column":41},"end":{"line":24,"column":50}}],"line":24},"6":{"loc":{"start":{"line":61,"column":4},"end":{"line":63,"column":5}},"type":"if","locations":[{"start":{"line":61,"column":4},"end":{"line":63,"column":5}},{"start":{},"end":{}}],"line":61},"7":{"loc":{"start":{"line":68,"column":15},"end":{"line":68,"column":104}},"type":"binary-expr","locations":[{"start":{"line":68,"column":15},"end":{"line":68,"column":34}},{"start":{"line":68,"column":38},"end":{"line":68,"column":77}},{"start":{"line":68,"column":81},"end":{"line":68,"column":104}}],"line":68},"8":{"loc":{"start":{"line":71,"column":4},"end":{"line":73,"column":5}},"type":"if","locations":[{"start":{"line":71,"column":4},"end":{"line":73,"column":5}},{"start":{},"end":{}}],"line":71}},"s":{"0":4,"1":4,"2":12,"3":12,"4":4,"5":7,"6":7,"7":4,"8":3,"9":3,"10":4,"11":9,"12":9,"13":9,"14":9,"15":1,"16":8,"17":36,"18":36,"19":8,"20":6,"21":2},"f":{"0":12,"1":7,"2":3,"3":9,"4":36},"b":{"0":[3,1],"1":[3,1],"2":[3,3],"3":[3,3],"4":[3,3],"5":[3,3],"6":[1,8],"7":[36,27,26],"8":[6,2]},"_coverageSchema":"1a1c01bbd47fc00a2c39e90264f33305004495a9","hash":"09c49f0833c265ab874e61a5fd494106eb96fbcf"}
,"/Users/clairecastanet/personal-projects/raglan-generator-be/api/utils/hashing_utils.js": {"path":"/Users/clairecastanet/personal-projects/raglan-generator-be/api/utils/hashing_utils.js","statementMap":{"0":{"start":{"line":1,"column":15},"end":{"line":1,"column":32}},"1":{"start":{"line":2,"column":15},"end":{"line":2,"column":32}},"2":{"start":{"line":4,"column":0},"end":{"line":8,"column":1}},"3":{"start":{"line":5,"column":15},"end":{"line":5,"column":39}},"4":{"start":{"line":6,"column":25},"end":{"line":6,"column":58}},"5":{"start":{"line":7,"column":2},"end":{"line":7,"column":24}},"6":{"start":{"line":10,"column":0},"end":{"line":14,"column":1}},"7":{"start":{"line":11,"column":25},"end":{"line":11,"column":74}},"8":{"start":{"line":13,"column":2},"end":{"line":13,"column":24}},"9":{"start":{"line":16,"column":0},"end":{"line":20,"column":1}},"10":{"start":{"line":17,"column":19},"end":{"line":17,"column":57}},"11":{"start":{"line":19,"column":2},"end":{"line":19,"column":18}},"12":{"start":{"line":22,"column":0},"end":{"line":29,"column":1}},"13":{"start":{"line":23,"column":20},"end":{"line":26,"column":18}},"14":{"start":{"line":28,"column":2},"end":{"line":28,"column":19}}},"fnMap":{"0":{"name":"(anonymous_0)","decl":{"start":{"line":4,"column":23},"end":{"line":4,"column":24}},"loc":{"start":{"line":4,"column":43},"end":{"line":8,"column":1}},"line":4},"1":{"name":"(anonymous_1)","decl":{"start":{"line":10,"column":27},"end":{"line":10,"column":28}},"loc":{"start":{"line":10,"column":66},"end":{"line":14,"column":1}},"line":10},"2":{"name":"(anonymous_2)","decl":{"start":{"line":16,"column":31},"end":{"line":16,"column":32}},"loc":{"start":{"line":16,"column":37},"end":{"line":20,"column":1}},"line":16},"3":{"name":"(anonymous_3)","decl":{"start":{"line":22,"column":20},"end":{"line":22,"column":21}},"loc":{"start":{"line":22,"column":34},"end":{"line":29,"column":1}},"line":22}},"branchMap":{},"s":{"0":4,"1":4,"2":4,"3":19,"4":19,"5":19,"6":4,"7":14,"8":14,"9":4,"10":9,"11":9,"12":4,"13":24,"14":24},"f":{"0":19,"1":14,"2":9,"3":24},"b":{},"_coverageSchema":"1a1c01bbd47fc00a2c39e90264f33305004495a9","hash":"e199c548261896351d9f24e8517617af233a13d4"}
,"/Users/clairecastanet/personal-projects/raglan-generator-be/api/utils/jwt_token_utils.js": {"path":"/Users/clairecastanet/personal-projects/raglan-generator-be/api/utils/jwt_token_utils.js","statementMap":{"0":{"start":{"line":1,"column":12},"end":{"line":1,"column":35}},"1":{"start":{"line":2,"column":15},"end":{"line":2,"column":37}},"2":{"start":{"line":3,"column":17},"end":{"line":3,"column":36}},"3":{"start":{"line":4,"column":24},"end":{"line":4,"column":63}},"4":{"start":{"line":6,"column":0},"end":{"line":26,"column":2}},"5":{"start":{"line":7,"column":2},"end":{"line":25,"column":3}},"6":{"start":{"line":8,"column":4},"end":{"line":10,"column":5}},"7":{"start":{"line":9,"column":8},"end":{"line":9,"column":61}},"8":{"start":{"line":12,"column":4},"end":{"line":21,"column":6}},"9":{"start":{"line":23,"column":4},"end":{"line":23,"column":50}},"10":{"start":{"line":24,"column":4},"end":{"line":24,"column":55}},"11":{"start":{"line":28,"column":0},"end":{"line":50,"column":2}},"12":{"start":{"line":29,"column":2},"end":{"line":49,"column":3}},"13":{"start":{"line":30,"column":4},"end":{"line":32,"column":5}},"14":{"start":{"line":31,"column":6},"end":{"line":31,"column":59}},"15":{"start":{"line":34,"column":25},"end":{"line":34,"column":54}},"16":{"start":{"line":35,"column":22},"end":{"line":35,"column":39}},"17":{"start":{"line":37,"column":4},"end":{"line":45,"column":6}},"18":{"start":{"line":47,"column":4},"end":{"line":47,"column":50}},"19":{"start":{"line":48,"column":4},"end":{"line":48,"column":55}},"20":{"start":{"line":52,"column":0},"end":{"line":54,"column":2}},"21":{"start":{"line":53,"column":2},"end":{"line":53,"column":35}}},"fnMap":{"0":{"name":"(anonymous_0)","decl":{"start":{"line":6,"column":30},"end":{"line":6,"column":31}},"loc":{"start":{"line":6,"column":42},"end":{"line":26,"column":1}},"line":6},"1":{"name":"(anonymous_1)","decl":{"start":{"line":28,"column":31},"end":{"line":28,"column":32}},"loc":{"start":{"line":28,"column":43},"end":{"line":50,"column":1}},"line":28},"2":{"name":"(anonymous_2)","decl":{"start":{"line":52,"column":22},"end":{"line":52,"column":23}},"loc":{"start":{"line":52,"column":33},"end":{"line":54,"column":1}},"line":52}},"branchMap":{"0":{"loc":{"start":{"line":8,"column":4},"end":{"line":10,"column":5}},"type":"if","locations":[{"start":{"line":8,"column":4},"end":{"line":10,"column":5}},{"start":{},"end":{}}],"line":8},"1":{"loc":{"start":{"line":30,"column":4},"end":{"line":32,"column":5}},"type":"if","locations":[{"start":{"line":30,"column":4},"end":{"line":32,"column":5}},{"start":{},"end":{}}],"line":30}},"s":{"0":4,"1":4,"2":4,"3":4,"4":4,"5":56,"6":56,"7":0,"8":56,"9":0,"10":0,"11":4,"12":9,"13":9,"14":0,"15":9,"16":9,"17":9,"18":0,"19":0,"20":4,"21":0},"f":{"0":56,"1":9,"2":0},"b":{"0":[0,56],"1":[0,9]},"_coverageSchema":"1a1c01bbd47fc00a2c39e90264f33305004495a9","hash":"8fc39ebbf32f54d1469634788669362df4f10756"}
}
