TN:
SF:app.js
FNF:0
FNH:0
DA:1,4
DA:2,4
DA:3,4
DA:4,4
DA:8,4
DA:10,4
DA:12,4
DA:14,4
DA:15,4
DA:16,4
DA:18,4
DA:19,4
DA:21,4
DA:23,4
LF:14
LH:14
BRF:0
BRH:0
end_of_record
TN:
SF:mongodb_helper.js
FN:4,(anonymous_0)
FN:8,(anonymous_1)
FNF:2
FNH:2
FNDA:4,(anonymous_0)
FNDA:4,(anonymous_1)
DA:1,4
DA:2,4
DA:4,4
DA:5,4
DA:8,4
DA:9,4
LF:6
LH:6
BRF:0
BRH:0
end_of_record
TN:
SF:controllers/authentication.js
FN:14,(anonymous_0)
FN:89,(anonymous_1)
FN:170,(anonymous_2)
FN:206,(anonymous_3)
FN:243,(anonymous_4)
FN:296,(anonymous_5)
FN:374,(anonymous_6)
FN:378,(anonymous_7)
FNF:8
FNH:3
FNDA:0,(anonymous_0)
FNDA:13,(anonymous_1)
FNDA:3,(anonymous_2)
FNDA:3,(anonymous_3)
FNDA:0,(anonymous_4)
FNDA:0,(anonymous_5)
FNDA:0,(anonymous_6)
FNDA:0,(anonymous_7)
DA:1,4
DA:2,4
DA:3,4
DA:5,4
DA:6,4
DA:7,4
DA:9,4
DA:10,4
DA:11,4
DA:14,4
DA:15,0
DA:16,0
DA:17,0
DA:19,0
DA:20,0
DA:25,0
DA:26,0
DA:30,0
DA:31,0
DA:38,0
DA:42,0
DA:43,0
DA:46,0
DA:54,0
DA:55,0
DA:59,0
DA:62,0
DA:63,0
DA:65,0
DA:71,0
DA:77,0
DA:83,0
DA:85,0
DA:89,4
DA:90,13
DA:91,13
DA:93,13
DA:94,2
DA:97,11
DA:99,11
DA:100,1
DA:103,10
DA:104,1
DA:110,9
DA:112,9
DA:113,8
DA:115,8
DA:122,9
DA:125,9
DA:130,9
DA:131,9
DA:133,9
DA:135,9
DA:141,9
DA:147,9
DA:153,9
DA:164,9
DA:166,4
DA:170,4
DA:171,3
DA:172,3
DA:173,3
DA:175,3
DA:176,1
DA:181,2
DA:183,2
DA:189,2
DA:195,2
DA:200,2
DA:202,1
DA:206,4
DA:207,3
DA:208,3
DA:209,3
DA:210,3
DA:212,3
DA:213,1
DA:216,2
DA:219,2
DA:220,1
DA:224,1
DA:225,1
DA:226,1
DA:228,1
DA:231,1
DA:237,1
DA:239,2
DA:243,4
DA:244,0
DA:245,0
DA:246,0
DA:248,0
DA:251,0
DA:252,0
DA:256,0
DA:257,0
DA:259,0
DA:265,0
DA:267,0
DA:273,0
DA:280,0
DA:281,0
DA:285,0
DA:287,0
DA:290,0
DA:292,0
DA:296,4
DA:297,0
DA:298,0
DA:300,0
DA:302,0
DA:303,0
DA:308,0
DA:311,0
DA:320,0
DA:321,0
DA:325,0
DA:330,0
DA:332,0
DA:333,0
DA:337,0
DA:339,0
DA:340,0
DA:342,0
DA:349,0
DA:351,0
DA:357,0
DA:363,0
DA:369,0
DA:374,4
DA:378,4
DA:382,4
LF:132
LH:69
BRDA:19,0,0,0
BRDA:19,0,1,0
BRDA:19,1,0,0
BRDA:19,1,1,0
BRDA:54,2,0,0
BRDA:54,2,1,0
BRDA:54,3,0,0
BRDA:54,3,1,0
BRDA:93,4,0,2
BRDA:93,4,1,11
BRDA:93,5,0,13
BRDA:93,5,1,12
BRDA:99,6,0,1
BRDA:99,6,1,10
BRDA:103,7,0,1
BRDA:103,7,1,9
BRDA:112,8,0,8
BRDA:112,8,1,1
BRDA:156,9,0,9
BRDA:156,9,1,9
BRDA:157,10,0,9
BRDA:157,10,1,9
BRDA:158,11,0,9
BRDA:158,11,1,9
BRDA:159,12,0,9
BRDA:159,12,1,9
BRDA:160,13,0,9
BRDA:160,13,1,9
BRDA:161,14,0,9
BRDA:161,14,1,9
BRDA:175,15,0,1
BRDA:175,15,1,2
BRDA:175,16,0,3
BRDA:175,16,1,2
BRDA:212,17,0,1
BRDA:212,17,1,2
BRDA:212,18,0,3
BRDA:212,18,1,2
BRDA:219,19,0,1
BRDA:219,19,1,1
BRDA:251,20,0,0
BRDA:251,20,1,0
BRDA:280,21,0,0
BRDA:280,21,1,0
BRDA:302,22,0,0
BRDA:302,22,1,0
BRDA:320,23,0,0
BRDA:320,23,1,0
BRDA:320,24,0,0
BRDA:320,24,1,0
BRDA:339,25,0,0
BRDA:339,25,1,0
BRF:52
BRH:32
end_of_record
TN:
SF:controllers/patterns.js
FN:8,(anonymous_0)
FN:87,(anonymous_1)
FN:112,(anonymous_2)
FN:132,(anonymous_3)
FNF:4
FNH:4
FNDA:12,(anonymous_0)
FNDA:3,(anonymous_1)
FNDA:2,(anonymous_2)
FNDA:2,(anonymous_3)
DA:1,4
DA:2,4
DA:3,4
DA:4,4
DA:5,4
DA:6,4
DA:8,4
DA:9,12
DA:25,12
DA:27,12
DA:29,12
DA:30,1
DA:33,11
DA:34,1
DA:37,10
DA:38,1
DA:41,9
DA:42,7
DA:48,2
DA:50,2
DA:51,1
DA:54,1
DA:69,1
DA:71,1
DA:73,1
DA:79,1
DA:83,11
DA:87,4
DA:88,3
DA:89,3
DA:91,3
DA:92,3
DA:94,2
DA:95,1
DA:98,1
DA:100,1
DA:106,1
DA:108,2
DA:112,4
DA:113,2
DA:115,2
DA:116,2
DA:118,2
DA:120,2
DA:126,2
DA:128,0
DA:132,4
DA:133,2
DA:134,2
DA:136,2
DA:137,2
DA:139,2
DA:141,2
DA:147,2
DA:148,1
DA:150,1
DA:153,1
DA:157,4
LF:58
LH:57
BRDA:29,0,0,1
BRDA:29,0,1,11
BRDA:33,1,0,1
BRDA:33,1,1,10
BRDA:37,2,0,1
BRDA:37,2,1,9
BRDA:41,3,0,7
BRDA:41,3,1,2
BRDA:50,4,0,1
BRDA:50,4,1,1
BRDA:94,5,0,1
BRDA:94,5,1,1
BRDA:147,6,0,1
BRDA:147,6,1,1
BRF:14
BRH:14
end_of_record
TN:
SF:controllers/users.js
FN:11,(anonymous_0)
FN:44,(anonymous_1)
FN:76,(anonymous_2)
FN:136,(anonymous_3)
FNF:4
FNH:4
FNDA:2,(anonymous_0)
FNDA:8,(anonymous_1)
FNDA:4,(anonymous_2)
FNDA:1,(anonymous_3)
DA:1,4
DA:2,4
DA:4,4
DA:6,4
DA:7,4
DA:8,4
DA:9,4
DA:11,4
DA:12,2
DA:13,2
DA:15,2
DA:16,0
DA:19,2
DA:21,2
DA:22,1
DA:25,1
DA:27,1
DA:33,1
DA:35,1
DA:40,1
DA:44,4
DA:45,8
DA:47,8
DA:48,8
DA:49,1
DA:52,7
DA:53,1
DA:56,6
DA:57,1
DA:60,5
DA:62,5
DA:68,5
DA:70,4
DA:72,4
DA:76,4
DA:77,4
DA:91,4
DA:93,4
DA:94,4
DA:95,1
DA:98,3
DA:112,3
DA:113,1
DA:119,2
DA:121,2
DA:127,2
DA:129,2
DA:132,2
DA:136,4
DA:137,1
DA:138,1
DA:140,1
DA:141,0
DA:144,1
DA:145,1
DA:146,1
DA:148,1
DA:149,1
DA:151,0
DA:154,1
DA:160,1
LF:61
LH:58
BRDA:15,0,0,0
BRDA:15,0,1,2
BRDA:21,1,0,1
BRDA:21,1,1,1
BRDA:48,2,0,1
BRDA:48,2,1,7
BRDA:52,3,0,1
BRDA:52,3,1,6
BRDA:56,4,0,1
BRDA:56,4,1,5
BRDA:94,5,0,1
BRDA:94,5,1,3
BRDA:112,6,0,1
BRDA:112,6,1,2
BRDA:140,7,0,0
BRDA:140,7,1,1
BRDA:148,8,0,1
BRDA:148,8,1,0
BRF:18
BRH:15
end_of_record
TN:
SF:db/db_connection.js
FN:3,(anonymous_0)
FNF:1
FNH:1
FNDA:4,(anonymous_0)
DA:1,4
DA:3,4
DA:4,4
DA:6,4
DA:7,0
DA:10,0
DA:13,4
DA:15,4
DA:16,0
DA:20,4
LF:10
LH:7
BRDA:6,0,0,0
BRDA:6,0,1,4
BRDA:15,1,0,0
BRDA:15,1,1,4
BRF:4
BRH:2
end_of_record
TN:
SF:errorHandling/customError.js
FN:2,(anonymous_0)
FNF:1
FNH:1
FNDA:35,(anonymous_0)
DA:3,35
DA:4,35
DA:8,4
LF:3
LH:3
BRF:0
BRH:0
end_of_record
TN:
SF:errorHandling/errorHandlers.js
FN:1,(anonymous_0)
FN:14,(anonymous_1)
FN:19,(anonymous_2)
FN:27,(anonymous_3)
FNF:4
FNH:3
FNDA:38,(anonymous_0)
FNDA:0,(anonymous_1)
FNDA:1,(anonymous_2)
FNDA:1,(anonymous_3)
DA:1,4
DA:2,38
DA:3,1
DA:4,37
DA:5,1
DA:6,36
DA:7,36
DA:9,0
DA:14,4
DA:15,0
DA:19,4
DA:20,1
DA:27,4
DA:28,1
LF:14
LH:12
BRDA:2,0,0,1
BRDA:2,0,1,37
BRDA:4,1,0,1
BRDA:4,1,1,36
BRDA:6,2,0,36
BRDA:6,2,1,0
BRF:6
BRH:5
end_of_record
TN:
SF:middleware/authResetChecker.js
FN:4,(anonymous_0)
FNF:1
FNH:0
FNDA:0,(anonymous_0)
DA:4,4
DA:8,4
LF:2
LH:2
BRF:0
BRH:0
end_of_record
TN:
SF:middleware/tokenChecker.js
FN:4,(anonymous_0)
FNF:1
FNH:1
FNDA:41,(anonymous_0)
DA:1,4
DA:2,4
DA:4,4
DA:5,41
DA:6,41
DA:8,41
DA:9,32
DA:10,32
DA:13,9
DA:14,9
DA:18,4
LF:11
LH:11
BRF:0
BRH:0
end_of_record
TN:
SF:models/Patterns.js
FNF:0
FNH:0
DA:1,4
DA:4,4
DA:32,4
DA:34,4
LF:4
LH:4
BRF:0
BRH:0
end_of_record
TN:
SF:models/RefreshToken.js
FN:21,(anonymous_0)
FNF:1
FNH:1
FNDA:9,(anonymous_0)
DA:1,4
DA:2,4
DA:4,4
DA:21,9
DA:26,4
DA:28,4
DA:30,4
LF:7
LH:7
BRF:0
BRH:0
end_of_record
TN:
SF:models/ResetToken.js
FN:20,(anonymous_0)
FNF:1
FNH:0
FNDA:0,(anonymous_0)
DA:1,4
DA:2,4
DA:4,4
DA:20,0
DA:25,4
DA:27,4
DA:29,4
LF:7
LH:6
BRF:0
BRH:0
end_of_record
TN:
SF:models/Users.js
FNF:0
FNH:0
DA:1,5
DA:3,5
DA:25,5
DA:27,5
LF:4
LH:4
BRF:0
BRH:0
end_of_record
TN:
SF:routers/apiRouter.js
FNF:0
FNH:0
DA:1,4
DA:2,4
DA:3,4
DA:4,4
DA:5,4
DA:6,4
DA:8,4
DA:10,4
DA:11,4
DA:12,4
DA:15,4
LF:11
LH:11
BRF:0
BRH:0
end_of_record
TN:
SF:routers/authRouter.js
FNF:0
FNH:0
DA:1,4
DA:2,4
DA:8,4
DA:9,4
DA:10,4
DA:11,4
DA:13,4
DA:14,4
DA:15,4
DA:18,4
DA:20,4
DA:22,4
LF:12
LH:12
BRF:0
BRH:0
end_of_record
TN:
SF:routers/patternsRouter.js
FNF:0
FNH:0
DA:1,4
DA:2,4
DA:3,4
DA:4,4
DA:10,4
DA:13,4
DA:14,4
DA:15,4
DA:16,4
DA:18,4
DA:20,4
LF:11
LH:11
BRF:0
BRH:0
end_of_record
TN:
SF:routers/usersRouter.js
FNF:0
FNH:0
DA:1,4
DA:2,4
DA:3,4
DA:4,4
DA:5,4
DA:8,4
DA:9,4
DA:10,4
DA:11,4
DA:13,4
DA:15,4
LF:11
LH:11
BRF:0
BRH:0
end_of_record
TN:
SF:utils/constants.js
FNF:0
FNH:0
DA:1,4
DA:8,4
LF:2
LH:2
BRF:0
BRH:0
end_of_record
TN:
SF:utils/data_validation.js
FN:3,(anonymous_0)
FN:9,(anonymous_1)
FN:15,(anonymous_2)
FN:30,(anonymous_3)
FN:65,(anonymous_4)
FNF:5
FNH:5
FNDA:12,(anonymous_0)
FNDA:7,(anonymous_1)
FNDA:3,(anonymous_2)
FNDA:9,(anonymous_3)
FNDA:36,(anonymous_4)
DA:1,4
DA:3,4
DA:4,12
DA:6,12
DA:9,4
DA:10,7
DA:12,7
DA:15,4
DA:16,3
DA:27,3
DA:30,4
DA:31,9
DA:33,9
DA:58,9
DA:61,9
DA:62,1
DA:65,8
DA:66,36
DA:68,36
DA:71,8
DA:72,6
DA:75,2
LF:22
LH:22
BRDA:19,0,0,3
BRDA:19,0,1,1
BRDA:20,1,0,3
BRDA:20,1,1,1
BRDA:21,2,0,3
BRDA:21,2,1,3
BRDA:22,3,0,3
BRDA:22,3,1,3
BRDA:23,4,0,3
BRDA:23,4,1,3
BRDA:24,5,0,3
BRDA:24,5,1,3
BRDA:61,6,0,1
BRDA:61,6,1,8
BRDA:68,7,0,36
BRDA:68,7,1,27
BRDA:68,7,2,26
BRDA:71,8,0,6
BRDA:71,8,1,2
BRF:19
BRH:19
end_of_record
TN:
SF:utils/hashing_utils.js
FN:4,(anonymous_0)
FN:10,(anonymous_1)
FN:16,(anonymous_2)
FN:22,(anonymous_3)
FNF:4
FNH:4
FNDA:19,(anonymous_0)
FNDA:14,(anonymous_1)
FNDA:9,(anonymous_2)
FNDA:24,(anonymous_3)
DA:1,4
DA:2,4
DA:4,4
DA:5,19
DA:6,19
DA:7,19
DA:10,4
DA:11,14
DA:13,14
DA:16,4
DA:17,9
DA:19,9
DA:22,4
DA:23,24
DA:28,24
LF:15
LH:15
BRF:0
BRH:0
end_of_record
TN:
SF:utils/jwt_token_utils.js
FN:6,(anonymous_0)
FN:28,(anonymous_1)
FN:52,(anonymous_2)
FNF:3
FNH:2
FNDA:56,(anonymous_0)
FNDA:9,(anonymous_1)
FNDA:0,(anonymous_2)
DA:1,4
DA:2,4
DA:3,4
DA:4,4
DA:6,4
DA:7,56
DA:8,56
DA:9,0
DA:12,56
DA:23,0
DA:24,0
DA:28,4
DA:29,9
DA:30,9
DA:31,0
DA:34,9
DA:35,9
DA:37,9
DA:47,0
DA:48,0
DA:52,4
DA:53,0
LF:22
LH:15
BRDA:8,0,0,0
BRDA:8,0,1,56
BRDA:30,1,0,0
BRDA:30,1,1,9
BRF:4
BRH:2
end_of_record
