TN:
SF:app.js
FNF:0
FNH:0
DA:1,2
DA:2,2
DA:3,2
DA:4,2
DA:5,2
DA:8,2
DA:10,2
DA:12,2
DA:13,2
DA:15,2
DA:16,2
DA:18,2
DA:20,2
LF:13
LH:13
BRF:0
BRH:0
end_of_record
TN:
SF:mongodb_helper.js
FN:4,(anonymous_0)
FN:8,(anonymous_1)
FNF:2
FNH:2
FNDA:2,(anonymous_0)
FNDA:2,(anonymous_1)
DA:1,2
DA:2,2
DA:4,2
DA:5,2
DA:8,2
DA:9,2
LF:6
LH:6
BRF:0
BRH:0
end_of_record
TN:
SF:controllers/users.js
FN:6,(anonymous_0)
FN:47,(anonymous_1)
FNF:2
FNH:2
FNDA:7,(anonymous_0)
FNDA:3,(anonymous_1)
DA:1,2
DA:2,2
DA:3,2
DA:4,2
DA:6,2
DA:7,7
DA:9,7
DA:10,7
DA:11,1
DA:17,6
DA:18,1
DA:24,5
DA:25,0
DA:31,5
DA:33,5
DA:39,5
DA:41,4
DA:43,3
DA:47,2
DA:48,3
DA:59,3
DA:61,3
DA:62,3
DA:63,1
DA:69,2
DA:83,2
DA:84,1
DA:87,1
DA:88,1
DA:91,2
LF:30
LH:29
BRDA:10,0,0,1
BRDA:10,0,1,6
BRDA:17,1,0,1
BRDA:17,1,1,5
BRDA:24,2,0,0
BRDA:24,2,1,5
BRDA:62,3,0,1
BRDA:62,3,1,2
BRDA:83,4,0,1
BRDA:83,4,1,1
BRF:10
BRH:9
end_of_record
TN:
SF:db/db_connection.js
FN:3,(anonymous_0)
FNF:1
FNH:1
FNDA:2,(anonymous_0)
DA:1,2
DA:3,2
DA:4,2
DA:6,2
DA:7,0
DA:10,0
DA:13,2
DA:15,2
DA:16,0
DA:20,2
LF:10
LH:7
BRDA:6,0,0,0
BRDA:6,0,1,2
BRDA:15,1,0,0
BRDA:15,1,1,2
BRF:4
BRH:2
end_of_record
TN:
SF:errorHandling/errorHandlers.js
FN:1,(anonymous_0)
FN:12,(anonymous_1)
FN:17,(anonymous_2)
FN:25,(anonymous_3)
FNF:4
FNH:3
FNDA:5,(anonymous_0)
FNDA:0,(anonymous_1)
FNDA:1,(anonymous_2)
FNDA:1,(anonymous_3)
DA:1,2
DA:2,5
DA:3,1
DA:4,4
DA:5,4
DA:7,0
DA:12,2
DA:13,0
DA:17,2
DA:18,1
DA:25,2
DA:26,1
LF:12
LH:10
BRDA:2,0,0,1
BRDA:2,0,1,4
BRDA:4,1,0,4
BRDA:4,1,1,0
BRF:4
BRH:3
end_of_record
TN:
SF:middleware/tokenChecker.js
FN:3,(anonymous_0)
FN:11,(anonymous_1)
FNF:2
FNH:2
FNDA:5,(anonymous_0)
FNDA:5,(anonymous_1)
DA:1,2
DA:3,2
DA:5,5
DA:7,5
DA:8,4
DA:11,5
DA:12,5
DA:13,2
DA:14,2
DA:17,3
DA:18,3
DA:23,2
LF:12
LH:12
BRDA:7,0,0,4
BRDA:7,0,1,1
BRDA:12,1,0,2
BRDA:12,1,1,3
BRF:4
BRH:4
end_of_record
TN:
SF:models/users.js
FNF:0
FNH:0
DA:1,3
DA:3,3
DA:25,3
DA:27,3
LF:4
LH:4
BRF:0
BRH:0
end_of_record
TN:
SF:routers/apiRouter.js
FNF:0
FNH:0
DA:1,2
DA:2,2
DA:3,2
DA:6,2
DA:8,2
LF:5
LH:5
BRF:0
BRH:0
end_of_record
TN:
SF:routers/usersRouter.js
FNF:0
FNH:0
DA:1,2
DA:2,2
DA:3,2
DA:4,2
DA:5,2
DA:8,2
DA:9,2
DA:11,2
DA:13,2
LF:9
LH:9
BRF:0
BRH:0
end_of_record
TN:
SF:utils/data_validation.js
FN:3,(anonymous_0)
FN:9,(anonymous_1)
FNF:2
FNH:2
FNDA:10,(anonymous_0)
FNDA:6,(anonymous_1)
DA:1,2
DA:3,2
DA:4,10
DA:6,10
DA:9,2
DA:10,6
DA:12,6
LF:7
LH:7
BRF:0
BRH:0
end_of_record
TN:
SF:utils/encryption_utils.js
FN:3,(anonymous_0)
FNF:1
FNH:1
FNDA:5,(anonymous_0)
DA:1,2
DA:3,2
DA:4,5
DA:5,5
DA:6,5
LF:5
LH:5
BRF:0
BRH:0
end_of_record
TN:
SF:utils/jwt_token_utils.js
FN:4,(anonymous_0)
FN:22,(anonymous_1)
FNF:2
FNH:1
FNDA:6,(anonymous_0)
FNDA:0,(anonymous_1)
DA:1,2
DA:2,2
DA:4,2
DA:5,6
DA:6,6
DA:17,0
DA:18,0
DA:22,2
DA:23,0
LF:9
LH:6
BRF:0
BRH:0
end_of_record
